{"/home/miguel/testes-tecnicos/teste-kukac/app/backend/tests/integration/cashbox.test.ts":{"path":"/home/miguel/testes-tecnicos/teste-kukac/app/backend/tests/integration/cashbox.test.ts","statementMap":{"0":{"start":{"line":2,"column":16},"end":{"line":10,"column":1}},"1":{"start":{"line":3,"column":28},"end":{"line":3,"column":110}},"2":{"start":{"line":3,"column":91},"end":{"line":3,"column":106}},"3":{"start":{"line":4,"column":4},"end":{"line":9,"column":7}},"4":{"start":{"line":5,"column":36},"end":{"line":5,"column":97}},"5":{"start":{"line":5,"column":42},"end":{"line":5,"column":70}},"6":{"start":{"line":5,"column":85},"end":{"line":5,"column":95}},"7":{"start":{"line":6,"column":35},"end":{"line":6,"column":100}},"8":{"start":{"line":6,"column":41},"end":{"line":6,"column":73}},"9":{"start":{"line":6,"column":88},"end":{"line":6,"column":98}},"10":{"start":{"line":7,"column":32},"end":{"line":7,"column":116}},"11":{"start":{"line":8,"column":8},"end":{"line":8,"column":78}},"12":{"start":{"line":11,"column":18},"end":{"line":37,"column":1}},"13":{"start":{"line":12,"column":12},"end":{"line":12,"column":104}},"14":{"start":{"line":12,"column":43},"end":{"line":12,"column":68}},"15":{"start":{"line":12,"column":57},"end":{"line":12,"column":68}},"16":{"start":{"line":12,"column":69},"end":{"line":12,"column":81}},"17":{"start":{"line":13,"column":4},"end":{"line":13,"column":157}},"18":{"start":{"line":13,"column":138},"end":{"line":13,"column":150}},"19":{"start":{"line":14,"column":23},"end":{"line":14,"column":68}},"20":{"start":{"line":14,"column":45},"end":{"line":14,"column":65}},"21":{"start":{"line":16,"column":8},"end":{"line":16,"column":70}},"22":{"start":{"line":16,"column":15},"end":{"line":16,"column":70}},"23":{"start":{"line":17,"column":8},"end":{"line":34,"column":66}},"24":{"start":{"line":17,"column":50},"end":{"line":34,"column":66}},"25":{"start":{"line":18,"column":12},"end":{"line":18,"column":169}},"26":{"start":{"line":18,"column":160},"end":{"line":18,"column":169}},"27":{"start":{"line":19,"column":12},"end":{"line":19,"column":52}},"28":{"start":{"line":19,"column":26},"end":{"line":19,"column":52}},"29":{"start":{"line":20,"column":12},"end":{"line":32,"column":13}},"30":{"start":{"line":21,"column":32},"end":{"line":21,"column":39}},"31":{"start":{"line":21,"column":40},"end":{"line":21,"column":46}},"32":{"start":{"line":22,"column":24},"end":{"line":22,"column":34}},"33":{"start":{"line":22,"column":35},"end":{"line":22,"column":72}},"34":{"start":{"line":23,"column":24},"end":{"line":23,"column":34}},"35":{"start":{"line":23,"column":35},"end":{"line":23,"column":45}},"36":{"start":{"line":23,"column":46},"end":{"line":23,"column":55}},"37":{"start":{"line":23,"column":56},"end":{"line":23,"column":65}},"38":{"start":{"line":24,"column":24},"end":{"line":24,"column":41}},"39":{"start":{"line":24,"column":42},"end":{"line":24,"column":55}},"40":{"start":{"line":24,"column":56},"end":{"line":24,"column":65}},"41":{"start":{"line":26,"column":20},"end":{"line":26,"column":128}},"42":{"start":{"line":26,"column":110},"end":{"line":26,"column":116}},"43":{"start":{"line":26,"column":117},"end":{"line":26,"column":126}},"44":{"start":{"line":27,"column":20},"end":{"line":27,"column":106}},"45":{"start":{"line":27,"column":81},"end":{"line":27,"column":97}},"46":{"start":{"line":27,"column":98},"end":{"line":27,"column":104}},"47":{"start":{"line":28,"column":20},"end":{"line":28,"column":89}},"48":{"start":{"line":28,"column":57},"end":{"line":28,"column":72}},"49":{"start":{"line":28,"column":73},"end":{"line":28,"column":80}},"50":{"start":{"line":28,"column":81},"end":{"line":28,"column":87}},"51":{"start":{"line":29,"column":20},"end":{"line":29,"column":87}},"52":{"start":{"line":29,"column":47},"end":{"line":29,"column":62}},"53":{"start":{"line":29,"column":63},"end":{"line":29,"column":78}},"54":{"start":{"line":29,"column":79},"end":{"line":29,"column":85}},"55":{"start":{"line":30,"column":20},"end":{"line":30,"column":42}},"56":{"start":{"line":30,"column":30},"end":{"line":30,"column":42}},"57":{"start":{"line":31,"column":20},"end":{"line":31,"column":33}},"58":{"start":{"line":31,"column":34},"end":{"line":31,"column":43}},"59":{"start":{"line":33,"column":12},"end":{"line":33,"column":39}},"60":{"start":{"line":34,"column":22},"end":{"line":34,"column":34}},"61":{"start":{"line":34,"column":35},"end":{"line":34,"column":41}},"62":{"start":{"line":34,"column":54},"end":{"line":34,"column":64}},"63":{"start":{"line":35,"column":8},"end":{"line":35,"column":35}},"64":{"start":{"line":35,"column":23},"end":{"line":35,"column":35}},"65":{"start":{"line":35,"column":36},"end":{"line":35,"column":89}},"66":{"start":{"line":38,"column":22},"end":{"line":40,"column":1}},"67":{"start":{"line":39,"column":4},"end":{"line":39,"column":62}},"68":{"start":{"line":41,"column":0},"end":{"line":41,"column":62}},"69":{"start":{"line":42,"column":13},"end":{"line":42,"column":45}},"70":{"start":{"line":43,"column":13},"end":{"line":43,"column":28}},"71":{"start":{"line":44,"column":18},"end":{"line":44,"column":55}},"72":{"start":{"line":45,"column":12},"end":{"line":45,"column":53}},"73":{"start":{"line":46,"column":27},"end":{"line":46,"column":95}},"74":{"start":{"line":47,"column":0},"end":{"line":47,"column":40}},"75":{"start":{"line":48,"column":10},"end":{"line":48,"column":33}},"76":{"start":{"line":49,"column":0},"end":{"line":97,"column":3}},"77":{"start":{"line":51,"column":4},"end":{"line":53,"column":7}},"78":{"start":{"line":52,"column":8},"end":{"line":52,"column":63}},"79":{"start":{"line":54,"column":4},"end":{"line":96,"column":7}},"80":{"start":{"line":55,"column":23},"end":{"line":55,"column":46}},"81":{"start":{"line":56,"column":23},"end":{"line":56,"column":26}},"82":{"start":{"line":57,"column":8},"end":{"line":76,"column":15}},"83":{"start":{"line":57,"column":99},"end":{"line":76,"column":11}},"84":{"start":{"line":59,"column":12},"end":{"line":75,"column":15}},"85":{"start":{"line":60,"column":16},"end":{"line":74,"column":17}},"86":{"start":{"line":62,"column":24},"end":{"line":62,"column":36}},"87":{"start":{"line":63,"column":24},"end":{"line":67,"column":26}},"88":{"start":{"line":68,"column":24},"end":{"line":68,"column":137}},"89":{"start":{"line":70,"column":24},"end":{"line":70,"column":45}},"90":{"start":{"line":71,"column":24},"end":{"line":71,"column":74}},"91":{"start":{"line":72,"column":24},"end":{"line":72,"column":88}},"92":{"start":{"line":73,"column":24},"end":{"line":73,"column":46}},"93":{"start":{"line":77,"column":8},"end":{"line":95,"column":15}},"94":{"start":{"line":77,"column":91},"end":{"line":95,"column":11}},"95":{"start":{"line":79,"column":12},"end":{"line":94,"column":15}},"96":{"start":{"line":80,"column":16},"end":{"line":93,"column":17}},"97":{"start":{"line":82,"column":24},"end":{"line":82,"column":35}},"98":{"start":{"line":83,"column":24},"end":{"line":85,"column":26}},"99":{"start":{"line":86,"column":24},"end":{"line":86,"column":137}},"100":{"start":{"line":88,"column":24},"end":{"line":88,"column":45}},"101":{"start":{"line":89,"column":24},"end":{"line":89,"column":74}},"102":{"start":{"line":90,"column":24},"end":{"line":90,"column":84}},"103":{"start":{"line":91,"column":24},"end":{"line":91,"column":79}},"104":{"start":{"line":92,"column":24},"end":{"line":92,"column":46}}},"fnMap":{"0":{"name":"(anonymous_0)","decl":{"start":{"line":2,"column":44},"end":{"line":2,"column":45}},"loc":{"start":{"line":2,"column":89},"end":{"line":10,"column":1}},"line":2},"1":{"name":"adopt","decl":{"start":{"line":3,"column":13},"end":{"line":3,"column":18}},"loc":{"start":{"line":3,"column":26},"end":{"line":3,"column":112}},"line":3},"2":{"name":"(anonymous_2)","decl":{"start":{"line":3,"column":70},"end":{"line":3,"column":71}},"loc":{"start":{"line":3,"column":89},"end":{"line":3,"column":108}},"line":3},"3":{"name":"(anonymous_3)","decl":{"start":{"line":4,"column":36},"end":{"line":4,"column":37}},"loc":{"start":{"line":4,"column":63},"end":{"line":9,"column":5}},"line":4},"4":{"name":"fulfilled","decl":{"start":{"line":5,"column":17},"end":{"line":5,"column":26}},"loc":{"start":{"line":5,"column":34},"end":{"line":5,"column":99}},"line":5},"5":{"name":"rejected","decl":{"start":{"line":6,"column":17},"end":{"line":6,"column":25}},"loc":{"start":{"line":6,"column":33},"end":{"line":6,"column":102}},"line":6},"6":{"name":"step","decl":{"start":{"line":7,"column":17},"end":{"line":7,"column":21}},"loc":{"start":{"line":7,"column":30},"end":{"line":7,"column":118}},"line":7},"7":{"name":"(anonymous_7)","decl":{"start":{"line":11,"column":48},"end":{"line":11,"column":49}},"loc":{"start":{"line":11,"column":73},"end":{"line":37,"column":1}},"line":11},"8":{"name":"(anonymous_8)","decl":{"start":{"line":12,"column":30},"end":{"line":12,"column":31}},"loc":{"start":{"line":12,"column":41},"end":{"line":12,"column":83}},"line":12},"9":{"name":"(anonymous_9)","decl":{"start":{"line":13,"column":125},"end":{"line":13,"column":126}},"loc":{"start":{"line":13,"column":136},"end":{"line":13,"column":152}},"line":13},"10":{"name":"verb","decl":{"start":{"line":14,"column":13},"end":{"line":14,"column":17}},"loc":{"start":{"line":14,"column":21},"end":{"line":14,"column":70}},"line":14},"11":{"name":"(anonymous_11)","decl":{"start":{"line":14,"column":30},"end":{"line":14,"column":31}},"loc":{"start":{"line":14,"column":43},"end":{"line":14,"column":67}},"line":14},"12":{"name":"step","decl":{"start":{"line":15,"column":13},"end":{"line":15,"column":17}},"loc":{"start":{"line":15,"column":22},"end":{"line":36,"column":5}},"line":15},"13":{"name":"(anonymous_13)","decl":{"start":{"line":38,"column":56},"end":{"line":38,"column":57}},"loc":{"start":{"line":38,"column":71},"end":{"line":40,"column":1}},"line":38},"14":{"name":"(anonymous_14)","decl":{"start":{"line":49,"column":30},"end":{"line":49,"column":31}},"loc":{"start":{"line":49,"column":42},"end":{"line":97,"column":1}},"line":49},"15":{"name":"(anonymous_15)","decl":{"start":{"line":51,"column":11},"end":{"line":51,"column":12}},"loc":{"start":{"line":51,"column":23},"end":{"line":53,"column":5}},"line":51},"16":{"name":"(anonymous_16)","decl":{"start":{"line":54,"column":28},"end":{"line":54,"column":29}},"loc":{"start":{"line":54,"column":40},"end":{"line":96,"column":5}},"line":54},"17":{"name":"(anonymous_17)","decl":{"start":{"line":57,"column":85},"end":{"line":57,"column":86}},"loc":{"start":{"line":57,"column":97},"end":{"line":76,"column":13}},"line":57},"18":{"name":"(anonymous_18)","decl":{"start":{"line":57,"column":140},"end":{"line":57,"column":141}},"loc":{"start":{"line":57,"column":152},"end":{"line":76,"column":9}},"line":57},"19":{"name":"(anonymous_19)","decl":{"start":{"line":59,"column":37},"end":{"line":59,"column":38}},"loc":{"start":{"line":59,"column":51},"end":{"line":75,"column":13}},"line":59},"20":{"name":"(anonymous_20)","decl":{"start":{"line":77,"column":77},"end":{"line":77,"column":78}},"loc":{"start":{"line":77,"column":89},"end":{"line":95,"column":13}},"line":77},"21":{"name":"(anonymous_21)","decl":{"start":{"line":77,"column":132},"end":{"line":77,"column":133}},"loc":{"start":{"line":77,"column":144},"end":{"line":95,"column":9}},"line":77},"22":{"name":"(anonymous_22)","decl":{"start":{"line":79,"column":37},"end":{"line":79,"column":38}},"loc":{"start":{"line":79,"column":51},"end":{"line":94,"column":13}},"line":79}},"branchMap":{"0":{"loc":{"start":{"line":2,"column":16},"end":{"line":10,"column":1}},"type":"binary-expr","locations":[{"start":{"line":2,"column":17},"end":{"line":2,"column":21}},{"start":{"line":2,"column":25},"end":{"line":2,"column":39}},{"start":{"line":2,"column":44},"end":{"line":10,"column":1}}],"line":2},"1":{"loc":{"start":{"line":3,"column":35},"end":{"line":3,"column":109}},"type":"cond-expr","locations":[{"start":{"line":3,"column":56},"end":{"line":3,"column":61}},{"start":{"line":3,"column":64},"end":{"line":3,"column":109}}],"line":3},"2":{"loc":{"start":{"line":4,"column":16},"end":{"line":4,"column":34}},"type":"binary-expr","locations":[{"start":{"line":4,"column":16},"end":{"line":4,"column":17}},{"start":{"line":4,"column":22},"end":{"line":4,"column":33}}],"line":4},"3":{"loc":{"start":{"line":7,"column":32},"end":{"line":7,"column":115}},"type":"cond-expr","locations":[{"start":{"line":7,"column":46},"end":{"line":7,"column":67}},{"start":{"line":7,"column":70},"end":{"line":7,"column":115}}],"line":7},"4":{"loc":{"start":{"line":8,"column":51},"end":{"line":8,"column":67}},"type":"binary-expr","locations":[{"start":{"line":8,"column":51},"end":{"line":8,"column":61}},{"start":{"line":8,"column":65},"end":{"line":8,"column":67}}],"line":8},"5":{"loc":{"start":{"line":11,"column":18},"end":{"line":37,"column":1}},"type":"binary-expr","locations":[{"start":{"line":11,"column":19},"end":{"line":11,"column":23}},{"start":{"line":11,"column":27},"end":{"line":11,"column":43}},{"start":{"line":11,"column":48},"end":{"line":37,"column":1}}],"line":11},"6":{"loc":{"start":{"line":12,"column":43},"end":{"line":12,"column":68}},"type":"if","locations":[{"start":{"line":12,"column":43},"end":{"line":12,"column":68}},{"start":{"line":12,"column":43},"end":{"line":12,"column":68}}],"line":12},"7":{"loc":{"start":{"line":13,"column":71},"end":{"line":13,"column":153}},"type":"binary-expr","locations":[{"start":{"line":13,"column":71},"end":{"line":13,"column":99}},{"start":{"line":13,"column":104},"end":{"line":13,"column":152}}],"line":13},"8":{"loc":{"start":{"line":16,"column":8},"end":{"line":16,"column":70}},"type":"if","locations":[{"start":{"line":16,"column":8},"end":{"line":16,"column":70}},{"start":{"line":16,"column":8},"end":{"line":16,"column":70}}],"line":16},"9":{"loc":{"start":{"line":17,"column":15},"end":{"line":17,"column":45}},"type":"binary-expr","locations":[{"start":{"line":17,"column":15},"end":{"line":17,"column":16}},{"start":{"line":17,"column":21},"end":{"line":17,"column":44}}],"line":17},"10":{"loc":{"start":{"line":17,"column":28},"end":{"line":17,"column":44}},"type":"binary-expr","locations":[{"start":{"line":17,"column":28},"end":{"line":17,"column":33}},{"start":{"line":17,"column":38},"end":{"line":17,"column":43}}],"line":17},"11":{"loc":{"start":{"line":18,"column":12},"end":{"line":18,"column":169}},"type":"if","locations":[{"start":{"line":18,"column":12},"end":{"line":18,"column":169}},{"start":{"line":18,"column":12},"end":{"line":18,"column":169}}],"line":18},"12":{"loc":{"start":{"line":18,"column":23},"end":{"line":18,"column":158}},"type":"binary-expr","locations":[{"start":{"line":18,"column":23},"end":{"line":18,"column":24}},{"start":{"line":18,"column":29},"end":{"line":18,"column":125}},{"start":{"line":18,"column":130},"end":{"line":18,"column":158}}],"line":18},"13":{"loc":{"start":{"line":18,"column":33},"end":{"line":18,"column":125}},"type":"cond-expr","locations":[{"start":{"line":18,"column":45},"end":{"line":18,"column":56}},{"start":{"line":18,"column":59},"end":{"line":18,"column":125}}],"line":18},"14":{"loc":{"start":{"line":18,"column":59},"end":{"line":18,"column":125}},"type":"cond-expr","locations":[{"start":{"line":18,"column":67},"end":{"line":18,"column":116}},{"start":{"line":18,"column":119},"end":{"line":18,"column":125}}],"line":18},"15":{"loc":{"start":{"line":18,"column":67},"end":{"line":18,"column":116}},"type":"binary-expr","locations":[{"start":{"line":18,"column":67},"end":{"line":18,"column":77}},{"start":{"line":18,"column":82},"end":{"line":18,"column":115}}],"line":18},"16":{"loc":{"start":{"line":18,"column":82},"end":{"line":18,"column":112}},"type":"binary-expr","locations":[{"start":{"line":18,"column":83},"end":{"line":18,"column":98}},{"start":{"line":18,"column":103},"end":{"line":18,"column":112}}],"line":18},"17":{"loc":{"start":{"line":19,"column":12},"end":{"line":19,"column":52}},"type":"if","locations":[{"start":{"line":19,"column":12},"end":{"line":19,"column":52}},{"start":{"line":19,"column":12},"end":{"line":19,"column":52}}],"line":19},"18":{"loc":{"start":{"line":20,"column":12},"end":{"line":32,"column":13}},"type":"switch","locations":[{"start":{"line":21,"column":16},"end":{"line":21,"column":23}},{"start":{"line":21,"column":24},"end":{"line":21,"column":46}},{"start":{"line":22,"column":16},"end":{"line":22,"column":72}},{"start":{"line":23,"column":16},"end":{"line":23,"column":65}},{"start":{"line":24,"column":16},"end":{"line":24,"column":65}},{"start":{"line":25,"column":16},"end":{"line":31,"column":43}}],"line":20},"19":{"loc":{"start":{"line":26,"column":20},"end":{"line":26,"column":128}},"type":"if","locations":[{"start":{"line":26,"column":20},"end":{"line":26,"column":128}},{"start":{"line":26,"column":20},"end":{"line":26,"column":128}}],"line":26},"20":{"loc":{"start":{"line":26,"column":24},"end":{"line":26,"column":106}},"type":"binary-expr","locations":[{"start":{"line":26,"column":24},"end":{"line":26,"column":74}},{"start":{"line":26,"column":79},"end":{"line":26,"column":90}},{"start":{"line":26,"column":94},"end":{"line":26,"column":105}}],"line":26},"21":{"loc":{"start":{"line":26,"column":42},"end":{"line":26,"column":73}},"type":"binary-expr","locations":[{"start":{"line":26,"column":42},"end":{"line":26,"column":54}},{"start":{"line":26,"column":58},"end":{"line":26,"column":73}}],"line":26},"22":{"loc":{"start":{"line":27,"column":20},"end":{"line":27,"column":106}},"type":"if","locations":[{"start":{"line":27,"column":20},"end":{"line":27,"column":106}},{"start":{"line":27,"column":20},"end":{"line":27,"column":106}}],"line":27},"23":{"loc":{"start":{"line":27,"column":24},"end":{"line":27,"column":77}},"type":"binary-expr","locations":[{"start":{"line":27,"column":24},"end":{"line":27,"column":35}},{"start":{"line":27,"column":40},"end":{"line":27,"column":42}},{"start":{"line":27,"column":47},"end":{"line":27,"column":59}},{"start":{"line":27,"column":63},"end":{"line":27,"column":75}}],"line":27},"24":{"loc":{"start":{"line":28,"column":20},"end":{"line":28,"column":89}},"type":"if","locations":[{"start":{"line":28,"column":20},"end":{"line":28,"column":89}},{"start":{"line":28,"column":20},"end":{"line":28,"column":89}}],"line":28},"25":{"loc":{"start":{"line":28,"column":24},"end":{"line":28,"column":53}},"type":"binary-expr","locations":[{"start":{"line":28,"column":24},"end":{"line":28,"column":35}},{"start":{"line":28,"column":39},"end":{"line":28,"column":53}}],"line":28},"26":{"loc":{"start":{"line":29,"column":20},"end":{"line":29,"column":87}},"type":"if","locations":[{"start":{"line":29,"column":20},"end":{"line":29,"column":87}},{"start":{"line":29,"column":20},"end":{"line":29,"column":87}}],"line":29},"27":{"loc":{"start":{"line":29,"column":24},"end":{"line":29,"column":43}},"type":"binary-expr","locations":[{"start":{"line":29,"column":24},"end":{"line":29,"column":25}},{"start":{"line":29,"column":29},"end":{"line":29,"column":43}}],"line":29},"28":{"loc":{"start":{"line":30,"column":20},"end":{"line":30,"column":42}},"type":"if","locations":[{"start":{"line":30,"column":20},"end":{"line":30,"column":42}},{"start":{"line":30,"column":20},"end":{"line":30,"column":42}}],"line":30},"29":{"loc":{"start":{"line":35,"column":8},"end":{"line":35,"column":35}},"type":"if","locations":[{"start":{"line":35,"column":8},"end":{"line":35,"column":35}},{"start":{"line":35,"column":8},"end":{"line":35,"column":35}}],"line":35},"30":{"loc":{"start":{"line":35,"column":52},"end":{"line":35,"column":74}},"type":"cond-expr","locations":[{"start":{"line":35,"column":60},"end":{"line":35,"column":65}},{"start":{"line":35,"column":68},"end":{"line":35,"column":74}}],"line":35},"31":{"loc":{"start":{"line":38,"column":22},"end":{"line":40,"column":1}},"type":"binary-expr","locations":[{"start":{"line":38,"column":23},"end":{"line":38,"column":27}},{"start":{"line":38,"column":31},"end":{"line":38,"column":51}},{"start":{"line":38,"column":56},"end":{"line":40,"column":1}}],"line":38},"32":{"loc":{"start":{"line":39,"column":11},"end":{"line":39,"column":61}},"type":"cond-expr","locations":[{"start":{"line":39,"column":37},"end":{"line":39,"column":40}},{"start":{"line":39,"column":43},"end":{"line":39,"column":61}}],"line":39},"33":{"loc":{"start":{"line":39,"column":12},"end":{"line":39,"column":33}},"type":"binary-expr","locations":[{"start":{"line":39,"column":12},"end":{"line":39,"column":15}},{"start":{"line":39,"column":19},"end":{"line":39,"column":33}}],"line":39},"34":{"loc":{"start":{"line":60,"column":16},"end":{"line":74,"column":17}},"type":"switch","locations":[{"start":{"line":61,"column":20},"end":{"line":68,"column":137}},{"start":{"line":69,"column":20},"end":{"line":73,"column":46}}],"line":60},"35":{"loc":{"start":{"line":80,"column":16},"end":{"line":93,"column":17}},"type":"switch","locations":[{"start":{"line":81,"column":20},"end":{"line":86,"column":137}},{"start":{"line":87,"column":20},"end":{"line":92,"column":46}}],"line":80}},"s":{"0":1,"1":2,"2":2,"3":2,"4":2,"5":2,"6":0,"7":0,"8":0,"9":0,"10":4,"11":2,"12":1,"13":2,"14":2,"15":0,"16":2,"17":2,"18":0,"19":6,"20":4,"21":4,"22":0,"23":4,"24":8,"25":8,"26":0,"27":8,"28":0,"29":8,"30":4,"31":4,"32":2,"33":2,"34":0,"35":0,"36":0,"37":0,"38":0,"39":0,"40":0,"41":2,"42":2,"43":2,"44":0,"45":0,"46":0,"47":0,"48":0,"49":0,"50":0,"51":0,"52":0,"53":0,"54":0,"55":0,"56":0,"57":0,"58":0,"59":4,"60":0,"61":0,"62":8,"63":2,"64":0,"65":2,"66":1,"67":4,"68":1,"69":1,"70":1,"71":1,"72":1,"73":1,"74":1,"75":1,"76":1,"77":1,"78":1,"79":1,"80":1,"81":1,"82":1,"83":1,"84":1,"85":2,"86":1,"87":1,"88":1,"89":1,"90":1,"91":1,"92":1,"93":1,"94":1,"95":1,"96":2,"97":1,"98":1,"99":1,"100":1,"101":1,"102":1,"103":1,"104":1},"f":{"0":2,"1":2,"2":2,"3":2,"4":2,"5":0,"6":4,"7":2,"8":2,"9":0,"10":6,"11":4,"12":4,"13":4,"14":1,"15":1,"16":1,"17":1,"18":1,"19":2,"20":1,"21":1,"22":2},"b":{"0":[1,1,1],"1":[0,2],"2":[2,2],"3":[2,2],"4":[2,2],"5":[1,1,1],"6":[0,2],"7":[2,2],"8":[0,4],"9":[10,2],"10":[2,0],"11":[0,8],"12":[8,0,0],"13":[0,0],"14":[0,0],"15":[0,0],"16":[0,0],"17":[0,8],"18":[4,4,2,0,0,2],"19":[2,0],"20":[2,2,2],"21":[2,0],"22":[0,0],"23":[0,0,0,0],"24":[0,0],"25":[0,0],"26":[0,0],"27":[0,0],"28":[0,0],"29":[0,2],"30":[2,0],"31":[1,1,1],"32":[2,2],"33":[4,4],"34":[1,1],"35":[1,1]},"inputSourceMap":{"version":3,"file":"/home/miguel/testes-tecnicos/teste-kukac/app/backend/tests/integration/cashbox.test.ts","sources":["/home/miguel/testes-tecnicos/teste-kukac/app/backend/tests/integration/cashbox.test.ts"],"names":[],"mappings":";;;;;;;;;;;;;;;;;;;;;;;;;;;;;;;;;;;;;;;;;AACA,8CAAwB;AACxB,6BAA8B;AAC9B,wDAAiC;AACjC,sDAAgC;AAChC,gGAAyE;AAEzE,cAAI,CAAC,GAAG,CAAC,mBAAQ,CAAC,CAAC;AAEX,IAAA,GAAG,GAAK,IAAI,aAAG,EAAE,IAAd,CAAe;AAG1B,QAAQ,CAAC,mBAAmB,EAAE;IAC5B,IAAI,iBAAoC,CAAC;IAEzC,MAAM,CAAC;QACL,iBAAiB,GAAG,IAAI,4BAAiB,EAAE,CAAC;IAC9C,CAAC,CAAC,CAAC;IAEH,QAAQ,CAAC,aAAa,EAAE;QACtB,IAAM,QAAQ,GAAG,uBAAuB,CAAC;QACzC,IAAM,QAAQ,GAAG,GAAG,CAAC;QACrB,EAAE,CAAC,wEAAwE,EAAE;;;;;wBACrE,KAAK,GAAG,GAAG,CAAC;wBACZ,cAAc,GAAG;4BACrB,GAAG,EAAE,CAAC;4BACN,IAAI,EAAE,CAAC;4BACP,KAAK,EAAE,CAAC;yBACT,CAAA;wBACgB,qBAAM,cAAI,CAAC,OAAO,CAAC,QAAQ,CAAC,CAAC,IAAI,CAAC,QAAQ,CAAC,CAAC,IAAI,CAAC,EAAE,QAAQ,UAAA,EAAE,KAAK,OAAA,EAAE,CAAC,EAAA;;wBAAhF,QAAQ,GAAG,SAAqE;wBACtF,IAAA,aAAM,EAAC,QAAQ,CAAC,MAAM,CAAC,CAAC,EAAE,CAAC,KAAK,CAAC,GAAG,CAAC,CAAC;wBACtC,IAAA,aAAM,EAAC,QAAQ,CAAC,IAAI,CAAC,CAAC,EAAE,CAAC,IAAI,CAAC,KAAK,CAAC,cAAc,CAAC,CAAC;;;;aACrD,CAAC,CAAC;QAEH,EAAE,CAAC,gEAAgE,EAAE;;;;;wBAC7D,KAAK,GAAG,EAAE,CAAC;wBACX,KAAK,GAAG;4BACZ,OAAO,EAAE,6CAA6C;yBACvD,CAAA;wBAEgB,qBAAM,cAAI,CAAC,OAAO,CAAC,QAAQ,CAAC,CAAC,IAAI,CAAC,QAAQ,CAAC,CAAC,IAAI,CAAC,EAAE,QAAQ,UAAA,EAAE,KAAK,OAAA,EAAE,CAAC,EAAA;;wBAAhF,QAAQ,GAAG,SAAqE;wBAEtF,IAAA,aAAM,EAAC,QAAQ,CAAC,MAAM,CAAC,CAAC,EAAE,CAAC,KAAK,CAAC,GAAG,CAAC,CAAC;wBACtC,IAAA,aAAM,EAAC,QAAQ,CAAC,IAAI,CAAC,CAAC,EAAE,CAAC,IAAI,CAAC,QAAQ,CAAC,OAAO,CAAC,CAAC;wBAChD,IAAA,aAAM,EAAC,QAAQ,CAAC,IAAI,CAAC,CAAC,EAAE,CAAC,IAAI,CAAC,KAAK,CAAC,KAAK,CAAC,CAAC;;;;aAC5C,CAAC,CAAC;IACL,CAAC,CAAC,CAAC;AACL,CAAC,CAAC,CAAC","sourcesContent":["import * as sinon from 'sinon';\nimport chai from 'chai';\nimport { expect } from 'chai';\nimport chaiHttp from 'chai-http';\nimport App from '../../src/app';\nimport CashBoxController from '../../src/controllers/cashbox.controller';\n\nchai.use(chaiHttp);\n\nconst { app } = new App();\n\n\ndescribe('CashBoxController', () => {\n  let cashBoxController: CashBoxController;\n\n  before(() => {\n    cashBoxController = new CashBoxController();\n  });\n\n  describe('POST /caixa', () => {\n    const BASE_URL = 'http://localhost:3001';\n    const purchase = 100;\n    it('should return the correct change for a valid purchase and money amount', async () => {\n      const money = 261;\n      const expectedChange = {\n        \"1\": 1,\n        \"10\": 6,\n        \"100\": 1\n      }\n      const response = await chai.request(BASE_URL).post('/caixa').send({ purchase, money });\n      expect(response.status).to.equal(200);\n      expect(response.body).to.deep.equal(expectedChange);\n    });\n\n    it('should return an error for an invalid purchase or money amount', async () => {\n      const money = 50;\n      const error = {\n        \"error\": \"Insufficient money to pay for the purchase.\"\n      }\n\n      const response = await chai.request(BASE_URL).post('/caixa').send({ purchase, money });\n\n      expect(response.status).to.equal(500);\n      expect(response.body).to.have.property('error');\n      expect(response.body).to.deep.equal(error);\n    });\n  });\n});"]},"_coverageSchema":"1a1c01bbd47fc00a2c39e90264f33305004495a9","hash":"06995b34d1c48d9199ad116706e38e8d7fc968e4","contentHash":"c26f72d3a96bf1550bdb7c7f1fbc33a3960c76653f9a50b7b0c910bbbe8a86f9"},"/home/miguel/testes-tecnicos/teste-kukac/app/backend/src/controllers/cashbox.controller.ts":{"path":"/home/miguel/testes-tecnicos/teste-kukac/app/backend/src/controllers/cashbox.controller.ts","statementMap":{"0":{"start":{"line":2,"column":22},"end":{"line":4,"column":1}},"1":{"start":{"line":3,"column":4},"end":{"line":3,"column":62}},"2":{"start":{"line":5,"column":0},"end":{"line":5,"column":62}},"3":{"start":{"line":6,"column":24},"end":{"line":6,"column":79}},"4":{"start":{"line":7,"column":39},"end":{"line":22,"column":3}},"5":{"start":{"line":9,"column":8},"end":{"line":9,"column":62}},"6":{"start":{"line":11,"column":4},"end":{"line":20,"column":6}},"7":{"start":{"line":12,"column":8},"end":{"line":19,"column":9}},"8":{"start":{"line":13,"column":21},"end":{"line":13,"column":29}},"9":{"start":{"line":13,"column":42},"end":{"line":13,"column":53}},"10":{"start":{"line":13,"column":63},"end":{"line":13,"column":71}},"11":{"start":{"line":14,"column":25},"end":{"line":14,"column":93}},"12":{"start":{"line":15,"column":12},"end":{"line":15,"column":41}},"13":{"start":{"line":18,"column":12},"end":{"line":18,"column":59}},"14":{"start":{"line":21,"column":4},"end":{"line":21,"column":29}},"15":{"start":{"line":23,"column":0},"end":{"line":23,"column":36}}},"fnMap":{"0":{"name":"(anonymous_0)","decl":{"start":{"line":2,"column":56},"end":{"line":2,"column":57}},"loc":{"start":{"line":2,"column":71},"end":{"line":4,"column":1}},"line":2},"1":{"name":"(anonymous_1)","decl":{"start":{"line":7,"column":39},"end":{"line":7,"column":40}},"loc":{"start":{"line":7,"column":51},"end":{"line":22,"column":1}},"line":7},"2":{"name":"CashBoxController","decl":{"start":{"line":8,"column":13},"end":{"line":8,"column":30}},"loc":{"start":{"line":8,"column":33},"end":{"line":10,"column":5}},"line":8},"3":{"name":"(anonymous_3)","decl":{"start":{"line":11,"column":50},"end":{"line":11,"column":51}},"loc":{"start":{"line":11,"column":70},"end":{"line":20,"column":5}},"line":11}},"branchMap":{"0":{"loc":{"start":{"line":2,"column":22},"end":{"line":4,"column":1}},"type":"binary-expr","locations":[{"start":{"line":2,"column":23},"end":{"line":2,"column":27}},{"start":{"line":2,"column":31},"end":{"line":2,"column":51}},{"start":{"line":2,"column":56},"end":{"line":4,"column":1}}],"line":2},"1":{"loc":{"start":{"line":3,"column":11},"end":{"line":3,"column":61}},"type":"cond-expr","locations":[{"start":{"line":3,"column":37},"end":{"line":3,"column":40}},{"start":{"line":3,"column":43},"end":{"line":3,"column":61}}],"line":3},"2":{"loc":{"start":{"line":3,"column":12},"end":{"line":3,"column":33}},"type":"binary-expr","locations":[{"start":{"line":3,"column":12},"end":{"line":3,"column":15}},{"start":{"line":3,"column":19},"end":{"line":3,"column":33}}],"line":3}},"s":{"0":1,"1":1,"2":1,"3":1,"4":1,"5":2,"6":1,"7":1,"8":1,"9":1,"10":1,"11":1,"12":1,"13":1,"14":1,"15":1},"f":{"0":1,"1":1,"2":2,"3":1},"b":{"0":[1,1,1],"1":[1,0],"2":[1,1]},"inputSourceMap":{"version":3,"file":"/home/miguel/testes-tecnicos/teste-kukac/app/backend/src/controllers/cashbox.controller.ts","sources":["/home/miguel/testes-tecnicos/teste-kukac/app/backend/src/controllers/cashbox.controller.ts"],"names":[],"mappings":";;;;;AACA,gFAAyD;AAEzD;IAAA;QAEE,mBAAc,GAAG,IAAI,yBAAc,EAAE,CAAC;IAWxC,CAAC;IATQ,2CAAe,GAAtB,UAAuB,GAAY,EAAE,GAAa;QAChD,IAAI;YACI,IAAA,KAAsB,GAAG,CAAC,IAAI,EAA5B,QAAQ,cAAA,EAAE,KAAK,WAAa,CAAC;YACrC,IAAM,MAAM,GAAG,IAAI,CAAC,cAAc,CAAC,eAAe,CAAC,MAAM,CAAC,QAAQ,CAAC,EAAE,MAAM,CAAC,KAAK,CAAC,CAAC,CAAC;YACpF,GAAG,CAAC,MAAM,CAAC,GAAG,CAAC,CAAC,IAAI,CAAC,MAAM,CAAC,CAAC;SAC9B;QAAC,OAAO,KAAK,EAAE;YACd,GAAG,CAAC,MAAM,CAAC,GAAG,CAAC,CAAC,IAAI,CAAC,EAAE,KAAK,EAAE,KAAK,CAAC,OAAO,EAAE,CAAC,CAAC;SAChD;IACH,CAAC;IACH,wBAAC;AAAD,CAAC,AAbD,IAaC;AAED,kBAAe,iBAAiB,CAAC","sourcesContent":["import { Response, Request } from 'express-serve-static-core';\nimport CashBoxService from '../services/cashbox.service';\n\nclass CashBoxController {\n\n  CashBoxService = new CashBoxService();\n\n  public calculateChange(req: Request, res: Response) {\n    try {\n      const { purchase, money } = req.body;\n      const result = this.CashBoxService.calculateChange(Number(purchase), Number(money));\n      res.status(200).send(result);\n    } catch (error) {\n      res.status(500).json({ error: error.message });\n    }\n  }\n}\n\nexport default CashBoxController;"]},"_coverageSchema":"1a1c01bbd47fc00a2c39e90264f33305004495a9","hash":"f217642d33ba0ef6da28c04bc696c47470257208","contentHash":"d8a5b95d4af5e0513c5cc1eb3df3ada0055610c96c3ec70a6a54d4d0a39c110b"},"/home/miguel/testes-tecnicos/teste-kukac/app/backend/src/services/cashbox.service.ts":{"path":"/home/miguel/testes-tecnicos/teste-kukac/app/backend/src/services/cashbox.service.ts","statementMap":{"0":{"start":{"line":2,"column":0},"end":{"line":2,"column":62}},"1":{"start":{"line":3,"column":39},"end":{"line":24,"column":3}},"2":{"start":{"line":6,"column":4},"end":{"line":22,"column":6}},"3":{"start":{"line":7,"column":29},"end":{"line":7,"column":41}},"4":{"start":{"line":8,"column":21},"end":{"line":8,"column":37}},"5":{"start":{"line":9,"column":8},"end":{"line":11,"column":9}},"6":{"start":{"line":10,"column":12},"end":{"line":10,"column":75}},"7":{"start":{"line":12,"column":26},"end":{"line":12,"column":28}},"8":{"start":{"line":13,"column":8},"end":{"line":20,"column":9}},"9":{"start":{"line":13,"column":22},"end":{"line":13,"column":23}},"10":{"start":{"line":13,"column":44},"end":{"line":13,"column":58}},"11":{"start":{"line":14,"column":23},"end":{"line":14,"column":43}},"12":{"start":{"line":15,"column":32},"end":{"line":15,"column":57}},"13":{"start":{"line":16,"column":12},"end":{"line":19,"column":13}},"14":{"start":{"line":17,"column":16},"end":{"line":17,"column":50}},"15":{"start":{"line":18,"column":16},"end":{"line":18,"column":47}},"16":{"start":{"line":21,"column":8},"end":{"line":21,"column":27}},"17":{"start":{"line":23,"column":4},"end":{"line":23,"column":29}},"18":{"start":{"line":26,"column":0},"end":{"line":26,"column":36}}},"fnMap":{"0":{"name":"(anonymous_0)","decl":{"start":{"line":3,"column":39},"end":{"line":3,"column":40}},"loc":{"start":{"line":3,"column":51},"end":{"line":24,"column":1}},"line":3},"1":{"name":"CashBoxController","decl":{"start":{"line":4,"column":13},"end":{"line":4,"column":30}},"loc":{"start":{"line":4,"column":33},"end":{"line":5,"column":5}},"line":4},"2":{"name":"(anonymous_2)","decl":{"start":{"line":6,"column":50},"end":{"line":6,"column":51}},"loc":{"start":{"line":6,"column":77},"end":{"line":22,"column":5}},"line":6}},"branchMap":{"0":{"loc":{"start":{"line":9,"column":8},"end":{"line":11,"column":9}},"type":"if","locations":[{"start":{"line":9,"column":8},"end":{"line":11,"column":9}},{"start":{"line":9,"column":8},"end":{"line":11,"column":9}}],"line":9},"1":{"loc":{"start":{"line":16,"column":12},"end":{"line":19,"column":13}},"type":"if","locations":[{"start":{"line":16,"column":12},"end":{"line":19,"column":13}},{"start":{"line":16,"column":12},"end":{"line":19,"column":13}}],"line":16}},"s":{"0":1,"1":1,"2":1,"3":5,"4":5,"5":5,"6":1,"7":4,"8":4,"9":4,"10":4,"11":12,"12":12,"13":12,"14":5,"15":5,"16":4,"17":1,"18":1},"f":{"0":1,"1":7,"2":5},"b":{"0":[1,4],"1":[5,7]},"inputSourceMap":{"version":3,"file":"/home/miguel/testes-tecnicos/teste-kukac/app/backend/src/services/cashbox.service.ts","sources":["/home/miguel/testes-tecnicos/teste-kukac/app/backend/src/services/cashbox.service.ts"],"names":[],"mappings":";;AACA;IAAA;IAsBA,CAAC;IApBQ,2CAAe,GAAtB,UAAuB,QAAgB,EAAE,KAAa;QACpD,IAAM,cAAc,GAAG,CAAC,GAAG,EAAE,EAAE,EAAE,CAAC,CAAC,CAAC;QACpC,IAAI,MAAM,GAAG,KAAK,GAAG,QAAQ,CAAC;QAE9B,IAAI,MAAM,GAAG,CAAC,EAAE;YACd,MAAM,IAAI,KAAK,CAAC,6CAA6C,CAAC,CAAC;SAChE;QAED,IAAM,WAAW,GAA2B,EAAE,CAAC;QAE/C,KAAmB,UAAc,EAAd,iCAAc,EAAd,4BAAc,EAAd,IAAc,EAAE;YAA9B,IAAM,IAAI,uBAAA;YACb,IAAM,aAAa,GAAG,IAAI,CAAC,KAAK,CAAC,MAAM,GAAG,IAAI,CAAC,CAAC;YAChD,IAAI,aAAa,GAAG,CAAC,EAAE;gBACrB,WAAW,CAAC,IAAI,CAAC,GAAG,aAAa,CAAC;gBAClC,MAAM,IAAI,aAAa,GAAG,IAAI,CAAC;aAChC;SACF;QAED,OAAO,WAAW,CAAC;IACrB,CAAC;IACH,wBAAC;AAAD,CAAC,AAtBD,IAsBC;AAAA,CAAC;AAEF,kBAAe,iBAAiB,CAAC","sourcesContent":["\nclass CashBoxController {\n\n  public calculateChange(purchase: number, money: number): Record<number, number> {\n    const notesAvailable = [100, 10, 1];\n    let change = money - purchase;\n\n    if (change < 0) {\n      throw new Error('Insufficient money to pay for the purchase.');\n    }\n\n    const changeNotes: Record<number, number> = {};\n\n    for (const note of notesAvailable) {\n      const numberOfNotes = Math.floor(change / note);\n      if (numberOfNotes > 0) {\n        changeNotes[note] = numberOfNotes;\n        change -= numberOfNotes * note;\n      }\n    }\n\n    return changeNotes;\n  }\n};\n\nexport default CashBoxController;"]},"_coverageSchema":"1a1c01bbd47fc00a2c39e90264f33305004495a9","hash":"82ceca7c069bdf8c16514c7d025c7d359147971a","contentHash":"463a53d002483d3a7ad8747555626b71e25dfa01b43f8d76e0ed57d1ef9a61ef"},"/home/miguel/testes-tecnicos/teste-kukac/app/backend/tests/integration/palindromes.test.ts":{"path":"/home/miguel/testes-tecnicos/teste-kukac/app/backend/tests/integration/palindromes.test.ts","statementMap":{"0":{"start":{"line":2,"column":16},"end":{"line":10,"column":1}},"1":{"start":{"line":3,"column":28},"end":{"line":3,"column":110}},"2":{"start":{"line":3,"column":91},"end":{"line":3,"column":106}},"3":{"start":{"line":4,"column":4},"end":{"line":9,"column":7}},"4":{"start":{"line":5,"column":36},"end":{"line":5,"column":97}},"5":{"start":{"line":5,"column":42},"end":{"line":5,"column":70}},"6":{"start":{"line":5,"column":85},"end":{"line":5,"column":95}},"7":{"start":{"line":6,"column":35},"end":{"line":6,"column":100}},"8":{"start":{"line":6,"column":41},"end":{"line":6,"column":73}},"9":{"start":{"line":6,"column":88},"end":{"line":6,"column":98}},"10":{"start":{"line":7,"column":32},"end":{"line":7,"column":116}},"11":{"start":{"line":8,"column":8},"end":{"line":8,"column":78}},"12":{"start":{"line":11,"column":18},"end":{"line":37,"column":1}},"13":{"start":{"line":12,"column":12},"end":{"line":12,"column":104}},"14":{"start":{"line":12,"column":43},"end":{"line":12,"column":68}},"15":{"start":{"line":12,"column":57},"end":{"line":12,"column":68}},"16":{"start":{"line":12,"column":69},"end":{"line":12,"column":81}},"17":{"start":{"line":13,"column":4},"end":{"line":13,"column":157}},"18":{"start":{"line":13,"column":138},"end":{"line":13,"column":150}},"19":{"start":{"line":14,"column":23},"end":{"line":14,"column":68}},"20":{"start":{"line":14,"column":45},"end":{"line":14,"column":65}},"21":{"start":{"line":16,"column":8},"end":{"line":16,"column":70}},"22":{"start":{"line":16,"column":15},"end":{"line":16,"column":70}},"23":{"start":{"line":17,"column":8},"end":{"line":34,"column":66}},"24":{"start":{"line":17,"column":50},"end":{"line":34,"column":66}},"25":{"start":{"line":18,"column":12},"end":{"line":18,"column":169}},"26":{"start":{"line":18,"column":160},"end":{"line":18,"column":169}},"27":{"start":{"line":19,"column":12},"end":{"line":19,"column":52}},"28":{"start":{"line":19,"column":26},"end":{"line":19,"column":52}},"29":{"start":{"line":20,"column":12},"end":{"line":32,"column":13}},"30":{"start":{"line":21,"column":32},"end":{"line":21,"column":39}},"31":{"start":{"line":21,"column":40},"end":{"line":21,"column":46}},"32":{"start":{"line":22,"column":24},"end":{"line":22,"column":34}},"33":{"start":{"line":22,"column":35},"end":{"line":22,"column":72}},"34":{"start":{"line":23,"column":24},"end":{"line":23,"column":34}},"35":{"start":{"line":23,"column":35},"end":{"line":23,"column":45}},"36":{"start":{"line":23,"column":46},"end":{"line":23,"column":55}},"37":{"start":{"line":23,"column":56},"end":{"line":23,"column":65}},"38":{"start":{"line":24,"column":24},"end":{"line":24,"column":41}},"39":{"start":{"line":24,"column":42},"end":{"line":24,"column":55}},"40":{"start":{"line":24,"column":56},"end":{"line":24,"column":65}},"41":{"start":{"line":26,"column":20},"end":{"line":26,"column":128}},"42":{"start":{"line":26,"column":110},"end":{"line":26,"column":116}},"43":{"start":{"line":26,"column":117},"end":{"line":26,"column":126}},"44":{"start":{"line":27,"column":20},"end":{"line":27,"column":106}},"45":{"start":{"line":27,"column":81},"end":{"line":27,"column":97}},"46":{"start":{"line":27,"column":98},"end":{"line":27,"column":104}},"47":{"start":{"line":28,"column":20},"end":{"line":28,"column":89}},"48":{"start":{"line":28,"column":57},"end":{"line":28,"column":72}},"49":{"start":{"line":28,"column":73},"end":{"line":28,"column":80}},"50":{"start":{"line":28,"column":81},"end":{"line":28,"column":87}},"51":{"start":{"line":29,"column":20},"end":{"line":29,"column":87}},"52":{"start":{"line":29,"column":47},"end":{"line":29,"column":62}},"53":{"start":{"line":29,"column":63},"end":{"line":29,"column":78}},"54":{"start":{"line":29,"column":79},"end":{"line":29,"column":85}},"55":{"start":{"line":30,"column":20},"end":{"line":30,"column":42}},"56":{"start":{"line":30,"column":30},"end":{"line":30,"column":42}},"57":{"start":{"line":31,"column":20},"end":{"line":31,"column":33}},"58":{"start":{"line":31,"column":34},"end":{"line":31,"column":43}},"59":{"start":{"line":33,"column":12},"end":{"line":33,"column":39}},"60":{"start":{"line":34,"column":22},"end":{"line":34,"column":34}},"61":{"start":{"line":34,"column":35},"end":{"line":34,"column":41}},"62":{"start":{"line":34,"column":54},"end":{"line":34,"column":64}},"63":{"start":{"line":35,"column":8},"end":{"line":35,"column":35}},"64":{"start":{"line":35,"column":23},"end":{"line":35,"column":35}},"65":{"start":{"line":35,"column":36},"end":{"line":35,"column":89}},"66":{"start":{"line":38,"column":22},"end":{"line":40,"column":1}},"67":{"start":{"line":39,"column":4},"end":{"line":39,"column":62}},"68":{"start":{"line":41,"column":0},"end":{"line":41,"column":62}},"69":{"start":{"line":42,"column":13},"end":{"line":42,"column":45}},"70":{"start":{"line":43,"column":13},"end":{"line":43,"column":28}},"71":{"start":{"line":44,"column":18},"end":{"line":44,"column":55}},"72":{"start":{"line":45,"column":12},"end":{"line":45,"column":53}},"73":{"start":{"line":46,"column":31},"end":{"line":46,"column":103}},"74":{"start":{"line":47,"column":0},"end":{"line":47,"column":40}},"75":{"start":{"line":48,"column":10},"end":{"line":48,"column":33}},"76":{"start":{"line":49,"column":0},"end":{"line":94,"column":3}},"77":{"start":{"line":51,"column":4},"end":{"line":53,"column":7}},"78":{"start":{"line":52,"column":8},"end":{"line":52,"column":70}},"79":{"start":{"line":54,"column":4},"end":{"line":93,"column":7}},"80":{"start":{"line":55,"column":23},"end":{"line":55,"column":46}},"81":{"start":{"line":56,"column":8},"end":{"line":72,"column":15}},"82":{"start":{"line":56,"column":83},"end":{"line":72,"column":11}},"83":{"start":{"line":58,"column":12},"end":{"line":71,"column":15}},"84":{"start":{"line":59,"column":16},"end":{"line":70,"column":17}},"85":{"start":{"line":61,"column":24},"end":{"line":61,"column":35}},"86":{"start":{"line":62,"column":24},"end":{"line":62,"column":34}},"87":{"start":{"line":63,"column":24},"end":{"line":63,"column":101}},"88":{"start":{"line":64,"column":24},"end":{"line":64,"column":133}},"89":{"start":{"line":66,"column":24},"end":{"line":66,"column":45}},"90":{"start":{"line":67,"column":24},"end":{"line":67,"column":74}},"91":{"start":{"line":68,"column":24},"end":{"line":68,"column":93}},"92":{"start":{"line":69,"column":24},"end":{"line":69,"column":46}},"93":{"start":{"line":73,"column":8},"end":{"line":92,"column":15}},"94":{"start":{"line":73,"column":86},"end":{"line":92,"column":11}},"95":{"start":{"line":75,"column":12},"end":{"line":91,"column":15}},"96":{"start":{"line":76,"column":16},"end":{"line":90,"column":17}},"97":{"start":{"line":78,"column":24},"end":{"line":78,"column":36}},"98":{"start":{"line":79,"column":24},"end":{"line":79,"column":33}},"99":{"start":{"line":80,"column":24},"end":{"line":82,"column":26}},"100":{"start":{"line":83,"column":24},"end":{"line":83,"column":133}},"101":{"start":{"line":85,"column":24},"end":{"line":85,"column":45}},"102":{"start":{"line":86,"column":24},"end":{"line":86,"column":74}},"103":{"start":{"line":87,"column":24},"end":{"line":87,"column":84}},"104":{"start":{"line":88,"column":24},"end":{"line":88,"column":79}},"105":{"start":{"line":89,"column":24},"end":{"line":89,"column":46}}},"fnMap":{"0":{"name":"(anonymous_0)","decl":{"start":{"line":2,"column":44},"end":{"line":2,"column":45}},"loc":{"start":{"line":2,"column":89},"end":{"line":10,"column":1}},"line":2},"1":{"name":"adopt","decl":{"start":{"line":3,"column":13},"end":{"line":3,"column":18}},"loc":{"start":{"line":3,"column":26},"end":{"line":3,"column":112}},"line":3},"2":{"name":"(anonymous_2)","decl":{"start":{"line":3,"column":70},"end":{"line":3,"column":71}},"loc":{"start":{"line":3,"column":89},"end":{"line":3,"column":108}},"line":3},"3":{"name":"(anonymous_3)","decl":{"start":{"line":4,"column":36},"end":{"line":4,"column":37}},"loc":{"start":{"line":4,"column":63},"end":{"line":9,"column":5}},"line":4},"4":{"name":"fulfilled","decl":{"start":{"line":5,"column":17},"end":{"line":5,"column":26}},"loc":{"start":{"line":5,"column":34},"end":{"line":5,"column":99}},"line":5},"5":{"name":"rejected","decl":{"start":{"line":6,"column":17},"end":{"line":6,"column":25}},"loc":{"start":{"line":6,"column":33},"end":{"line":6,"column":102}},"line":6},"6":{"name":"step","decl":{"start":{"line":7,"column":17},"end":{"line":7,"column":21}},"loc":{"start":{"line":7,"column":30},"end":{"line":7,"column":118}},"line":7},"7":{"name":"(anonymous_7)","decl":{"start":{"line":11,"column":48},"end":{"line":11,"column":49}},"loc":{"start":{"line":11,"column":73},"end":{"line":37,"column":1}},"line":11},"8":{"name":"(anonymous_8)","decl":{"start":{"line":12,"column":30},"end":{"line":12,"column":31}},"loc":{"start":{"line":12,"column":41},"end":{"line":12,"column":83}},"line":12},"9":{"name":"(anonymous_9)","decl":{"start":{"line":13,"column":125},"end":{"line":13,"column":126}},"loc":{"start":{"line":13,"column":136},"end":{"line":13,"column":152}},"line":13},"10":{"name":"verb","decl":{"start":{"line":14,"column":13},"end":{"line":14,"column":17}},"loc":{"start":{"line":14,"column":21},"end":{"line":14,"column":70}},"line":14},"11":{"name":"(anonymous_11)","decl":{"start":{"line":14,"column":30},"end":{"line":14,"column":31}},"loc":{"start":{"line":14,"column":43},"end":{"line":14,"column":67}},"line":14},"12":{"name":"step","decl":{"start":{"line":15,"column":13},"end":{"line":15,"column":17}},"loc":{"start":{"line":15,"column":22},"end":{"line":36,"column":5}},"line":15},"13":{"name":"(anonymous_13)","decl":{"start":{"line":38,"column":56},"end":{"line":38,"column":57}},"loc":{"start":{"line":38,"column":71},"end":{"line":40,"column":1}},"line":38},"14":{"name":"(anonymous_14)","decl":{"start":{"line":49,"column":33},"end":{"line":49,"column":34}},"loc":{"start":{"line":49,"column":45},"end":{"line":94,"column":1}},"line":49},"15":{"name":"(anonymous_15)","decl":{"start":{"line":51,"column":11},"end":{"line":51,"column":12}},"loc":{"start":{"line":51,"column":23},"end":{"line":53,"column":5}},"line":51},"16":{"name":"(anonymous_16)","decl":{"start":{"line":54,"column":34},"end":{"line":54,"column":35}},"loc":{"start":{"line":54,"column":46},"end":{"line":93,"column":5}},"line":54},"17":{"name":"(anonymous_17)","decl":{"start":{"line":56,"column":69},"end":{"line":56,"column":70}},"loc":{"start":{"line":56,"column":81},"end":{"line":72,"column":13}},"line":56},"18":{"name":"(anonymous_18)","decl":{"start":{"line":56,"column":124},"end":{"line":56,"column":125}},"loc":{"start":{"line":56,"column":136},"end":{"line":72,"column":9}},"line":56},"19":{"name":"(anonymous_19)","decl":{"start":{"line":58,"column":37},"end":{"line":58,"column":38}},"loc":{"start":{"line":58,"column":51},"end":{"line":71,"column":13}},"line":58},"20":{"name":"(anonymous_20)","decl":{"start":{"line":73,"column":72},"end":{"line":73,"column":73}},"loc":{"start":{"line":73,"column":84},"end":{"line":92,"column":13}},"line":73},"21":{"name":"(anonymous_21)","decl":{"start":{"line":73,"column":127},"end":{"line":73,"column":128}},"loc":{"start":{"line":73,"column":139},"end":{"line":92,"column":9}},"line":73},"22":{"name":"(anonymous_22)","decl":{"start":{"line":75,"column":37},"end":{"line":75,"column":38}},"loc":{"start":{"line":75,"column":51},"end":{"line":91,"column":13}},"line":75}},"branchMap":{"0":{"loc":{"start":{"line":2,"column":16},"end":{"line":10,"column":1}},"type":"binary-expr","locations":[{"start":{"line":2,"column":17},"end":{"line":2,"column":21}},{"start":{"line":2,"column":25},"end":{"line":2,"column":39}},{"start":{"line":2,"column":44},"end":{"line":10,"column":1}}],"line":2},"1":{"loc":{"start":{"line":3,"column":35},"end":{"line":3,"column":109}},"type":"cond-expr","locations":[{"start":{"line":3,"column":56},"end":{"line":3,"column":61}},{"start":{"line":3,"column":64},"end":{"line":3,"column":109}}],"line":3},"2":{"loc":{"start":{"line":4,"column":16},"end":{"line":4,"column":34}},"type":"binary-expr","locations":[{"start":{"line":4,"column":16},"end":{"line":4,"column":17}},{"start":{"line":4,"column":22},"end":{"line":4,"column":33}}],"line":4},"3":{"loc":{"start":{"line":7,"column":32},"end":{"line":7,"column":115}},"type":"cond-expr","locations":[{"start":{"line":7,"column":46},"end":{"line":7,"column":67}},{"start":{"line":7,"column":70},"end":{"line":7,"column":115}}],"line":7},"4":{"loc":{"start":{"line":8,"column":51},"end":{"line":8,"column":67}},"type":"binary-expr","locations":[{"start":{"line":8,"column":51},"end":{"line":8,"column":61}},{"start":{"line":8,"column":65},"end":{"line":8,"column":67}}],"line":8},"5":{"loc":{"start":{"line":11,"column":18},"end":{"line":37,"column":1}},"type":"binary-expr","locations":[{"start":{"line":11,"column":19},"end":{"line":11,"column":23}},{"start":{"line":11,"column":27},"end":{"line":11,"column":43}},{"start":{"line":11,"column":48},"end":{"line":37,"column":1}}],"line":11},"6":{"loc":{"start":{"line":12,"column":43},"end":{"line":12,"column":68}},"type":"if","locations":[{"start":{"line":12,"column":43},"end":{"line":12,"column":68}},{"start":{"line":12,"column":43},"end":{"line":12,"column":68}}],"line":12},"7":{"loc":{"start":{"line":13,"column":71},"end":{"line":13,"column":153}},"type":"binary-expr","locations":[{"start":{"line":13,"column":71},"end":{"line":13,"column":99}},{"start":{"line":13,"column":104},"end":{"line":13,"column":152}}],"line":13},"8":{"loc":{"start":{"line":16,"column":8},"end":{"line":16,"column":70}},"type":"if","locations":[{"start":{"line":16,"column":8},"end":{"line":16,"column":70}},{"start":{"line":16,"column":8},"end":{"line":16,"column":70}}],"line":16},"9":{"loc":{"start":{"line":17,"column":15},"end":{"line":17,"column":45}},"type":"binary-expr","locations":[{"start":{"line":17,"column":15},"end":{"line":17,"column":16}},{"start":{"line":17,"column":21},"end":{"line":17,"column":44}}],"line":17},"10":{"loc":{"start":{"line":17,"column":28},"end":{"line":17,"column":44}},"type":"binary-expr","locations":[{"start":{"line":17,"column":28},"end":{"line":17,"column":33}},{"start":{"line":17,"column":38},"end":{"line":17,"column":43}}],"line":17},"11":{"loc":{"start":{"line":18,"column":12},"end":{"line":18,"column":169}},"type":"if","locations":[{"start":{"line":18,"column":12},"end":{"line":18,"column":169}},{"start":{"line":18,"column":12},"end":{"line":18,"column":169}}],"line":18},"12":{"loc":{"start":{"line":18,"column":23},"end":{"line":18,"column":158}},"type":"binary-expr","locations":[{"start":{"line":18,"column":23},"end":{"line":18,"column":24}},{"start":{"line":18,"column":29},"end":{"line":18,"column":125}},{"start":{"line":18,"column":130},"end":{"line":18,"column":158}}],"line":18},"13":{"loc":{"start":{"line":18,"column":33},"end":{"line":18,"column":125}},"type":"cond-expr","locations":[{"start":{"line":18,"column":45},"end":{"line":18,"column":56}},{"start":{"line":18,"column":59},"end":{"line":18,"column":125}}],"line":18},"14":{"loc":{"start":{"line":18,"column":59},"end":{"line":18,"column":125}},"type":"cond-expr","locations":[{"start":{"line":18,"column":67},"end":{"line":18,"column":116}},{"start":{"line":18,"column":119},"end":{"line":18,"column":125}}],"line":18},"15":{"loc":{"start":{"line":18,"column":67},"end":{"line":18,"column":116}},"type":"binary-expr","locations":[{"start":{"line":18,"column":67},"end":{"line":18,"column":77}},{"start":{"line":18,"column":82},"end":{"line":18,"column":115}}],"line":18},"16":{"loc":{"start":{"line":18,"column":82},"end":{"line":18,"column":112}},"type":"binary-expr","locations":[{"start":{"line":18,"column":83},"end":{"line":18,"column":98}},{"start":{"line":18,"column":103},"end":{"line":18,"column":112}}],"line":18},"17":{"loc":{"start":{"line":19,"column":12},"end":{"line":19,"column":52}},"type":"if","locations":[{"start":{"line":19,"column":12},"end":{"line":19,"column":52}},{"start":{"line":19,"column":12},"end":{"line":19,"column":52}}],"line":19},"18":{"loc":{"start":{"line":20,"column":12},"end":{"line":32,"column":13}},"type":"switch","locations":[{"start":{"line":21,"column":16},"end":{"line":21,"column":23}},{"start":{"line":21,"column":24},"end":{"line":21,"column":46}},{"start":{"line":22,"column":16},"end":{"line":22,"column":72}},{"start":{"line":23,"column":16},"end":{"line":23,"column":65}},{"start":{"line":24,"column":16},"end":{"line":24,"column":65}},{"start":{"line":25,"column":16},"end":{"line":31,"column":43}}],"line":20},"19":{"loc":{"start":{"line":26,"column":20},"end":{"line":26,"column":128}},"type":"if","locations":[{"start":{"line":26,"column":20},"end":{"line":26,"column":128}},{"start":{"line":26,"column":20},"end":{"line":26,"column":128}}],"line":26},"20":{"loc":{"start":{"line":26,"column":24},"end":{"line":26,"column":106}},"type":"binary-expr","locations":[{"start":{"line":26,"column":24},"end":{"line":26,"column":74}},{"start":{"line":26,"column":79},"end":{"line":26,"column":90}},{"start":{"line":26,"column":94},"end":{"line":26,"column":105}}],"line":26},"21":{"loc":{"start":{"line":26,"column":42},"end":{"line":26,"column":73}},"type":"binary-expr","locations":[{"start":{"line":26,"column":42},"end":{"line":26,"column":54}},{"start":{"line":26,"column":58},"end":{"line":26,"column":73}}],"line":26},"22":{"loc":{"start":{"line":27,"column":20},"end":{"line":27,"column":106}},"type":"if","locations":[{"start":{"line":27,"column":20},"end":{"line":27,"column":106}},{"start":{"line":27,"column":20},"end":{"line":27,"column":106}}],"line":27},"23":{"loc":{"start":{"line":27,"column":24},"end":{"line":27,"column":77}},"type":"binary-expr","locations":[{"start":{"line":27,"column":24},"end":{"line":27,"column":35}},{"start":{"line":27,"column":40},"end":{"line":27,"column":42}},{"start":{"line":27,"column":47},"end":{"line":27,"column":59}},{"start":{"line":27,"column":63},"end":{"line":27,"column":75}}],"line":27},"24":{"loc":{"start":{"line":28,"column":20},"end":{"line":28,"column":89}},"type":"if","locations":[{"start":{"line":28,"column":20},"end":{"line":28,"column":89}},{"start":{"line":28,"column":20},"end":{"line":28,"column":89}}],"line":28},"25":{"loc":{"start":{"line":28,"column":24},"end":{"line":28,"column":53}},"type":"binary-expr","locations":[{"start":{"line":28,"column":24},"end":{"line":28,"column":35}},{"start":{"line":28,"column":39},"end":{"line":28,"column":53}}],"line":28},"26":{"loc":{"start":{"line":29,"column":20},"end":{"line":29,"column":87}},"type":"if","locations":[{"start":{"line":29,"column":20},"end":{"line":29,"column":87}},{"start":{"line":29,"column":20},"end":{"line":29,"column":87}}],"line":29},"27":{"loc":{"start":{"line":29,"column":24},"end":{"line":29,"column":43}},"type":"binary-expr","locations":[{"start":{"line":29,"column":24},"end":{"line":29,"column":25}},{"start":{"line":29,"column":29},"end":{"line":29,"column":43}}],"line":29},"28":{"loc":{"start":{"line":30,"column":20},"end":{"line":30,"column":42}},"type":"if","locations":[{"start":{"line":30,"column":20},"end":{"line":30,"column":42}},{"start":{"line":30,"column":20},"end":{"line":30,"column":42}}],"line":30},"29":{"loc":{"start":{"line":35,"column":8},"end":{"line":35,"column":35}},"type":"if","locations":[{"start":{"line":35,"column":8},"end":{"line":35,"column":35}},{"start":{"line":35,"column":8},"end":{"line":35,"column":35}}],"line":35},"30":{"loc":{"start":{"line":35,"column":52},"end":{"line":35,"column":74}},"type":"cond-expr","locations":[{"start":{"line":35,"column":60},"end":{"line":35,"column":65}},{"start":{"line":35,"column":68},"end":{"line":35,"column":74}}],"line":35},"31":{"loc":{"start":{"line":38,"column":22},"end":{"line":40,"column":1}},"type":"binary-expr","locations":[{"start":{"line":38,"column":23},"end":{"line":38,"column":27}},{"start":{"line":38,"column":31},"end":{"line":38,"column":51}},{"start":{"line":38,"column":56},"end":{"line":40,"column":1}}],"line":38},"32":{"loc":{"start":{"line":39,"column":11},"end":{"line":39,"column":61}},"type":"cond-expr","locations":[{"start":{"line":39,"column":37},"end":{"line":39,"column":40}},{"start":{"line":39,"column":43},"end":{"line":39,"column":61}}],"line":39},"33":{"loc":{"start":{"line":39,"column":12},"end":{"line":39,"column":33}},"type":"binary-expr","locations":[{"start":{"line":39,"column":12},"end":{"line":39,"column":15}},{"start":{"line":39,"column":19},"end":{"line":39,"column":33}}],"line":39},"34":{"loc":{"start":{"line":59,"column":16},"end":{"line":70,"column":17}},"type":"switch","locations":[{"start":{"line":60,"column":20},"end":{"line":64,"column":133}},{"start":{"line":65,"column":20},"end":{"line":69,"column":46}}],"line":59},"35":{"loc":{"start":{"line":76,"column":16},"end":{"line":90,"column":17}},"type":"switch","locations":[{"start":{"line":77,"column":20},"end":{"line":83,"column":133}},{"start":{"line":84,"column":20},"end":{"line":89,"column":46}}],"line":76}},"s":{"0":1,"1":2,"2":2,"3":2,"4":2,"5":2,"6":0,"7":0,"8":0,"9":0,"10":4,"11":2,"12":1,"13":2,"14":2,"15":0,"16":2,"17":2,"18":0,"19":6,"20":4,"21":4,"22":0,"23":4,"24":8,"25":8,"26":0,"27":8,"28":0,"29":8,"30":4,"31":4,"32":2,"33":2,"34":0,"35":0,"36":0,"37":0,"38":0,"39":0,"40":0,"41":2,"42":2,"43":2,"44":0,"45":0,"46":0,"47":0,"48":0,"49":0,"50":0,"51":0,"52":0,"53":0,"54":0,"55":0,"56":0,"57":0,"58":0,"59":4,"60":0,"61":0,"62":8,"63":2,"64":0,"65":2,"66":1,"67":4,"68":1,"69":1,"70":1,"71":1,"72":1,"73":1,"74":1,"75":1,"76":1,"77":1,"78":1,"79":1,"80":1,"81":1,"82":1,"83":1,"84":2,"85":1,"86":1,"87":1,"88":1,"89":1,"90":1,"91":1,"92":1,"93":1,"94":1,"95":1,"96":2,"97":1,"98":1,"99":1,"100":1,"101":1,"102":1,"103":1,"104":1,"105":1},"f":{"0":2,"1":2,"2":2,"3":2,"4":2,"5":0,"6":4,"7":2,"8":2,"9":0,"10":6,"11":4,"12":4,"13":4,"14":1,"15":1,"16":1,"17":1,"18":1,"19":2,"20":1,"21":1,"22":2},"b":{"0":[1,1,1],"1":[0,2],"2":[2,2],"3":[2,2],"4":[2,2],"5":[1,1,1],"6":[0,2],"7":[2,2],"8":[0,4],"9":[10,2],"10":[2,0],"11":[0,8],"12":[8,0,0],"13":[0,0],"14":[0,0],"15":[0,0],"16":[0,0],"17":[0,8],"18":[4,4,2,0,0,2],"19":[2,0],"20":[2,2,2],"21":[2,0],"22":[0,0],"23":[0,0,0,0],"24":[0,0],"25":[0,0],"26":[0,0],"27":[0,0],"28":[0,0],"29":[0,2],"30":[2,0],"31":[1,1,1],"32":[2,2],"33":[4,4],"34":[1,1],"35":[1,1]},"inputSourceMap":{"version":3,"file":"/home/miguel/testes-tecnicos/teste-kukac/app/backend/tests/integration/palindromes.test.ts","sources":["/home/miguel/testes-tecnicos/teste-kukac/app/backend/tests/integration/palindromes.test.ts"],"names":[],"mappings":";;;;;;;;;;;;;;;;;;;;;;;;;;;;;;;;;;;;;;;;;AACA,8CAAwB;AACxB,6BAA8B;AAC9B,wDAAiC;AACjC,sDAAgC;AAEhC,wGAAgF;AAEhF,cAAI,CAAC,GAAG,CAAC,mBAAQ,CAAC,CAAC;AAEX,IAAA,GAAG,GAAK,IAAI,aAAG,EAAE,IAAd,CAAe;AAG1B,QAAQ,CAAC,sBAAsB,EAAE;IAC/B,IAAI,oBAA0C,CAAC;IAE/C,MAAM,CAAC;QACL,oBAAoB,GAAG,IAAI,gCAAoB,EAAE,CAAC;IACpD,CAAC,CAAC,CAAC;IAEH,QAAQ,CAAC,mBAAmB,EAAE;QAC5B,IAAM,QAAQ,GAAG,uBAAuB,CAAC;QACzC,EAAE,CAAC,wDAAwD,EAAE;;;;;wBACrD,KAAK,GAAG,EAAE,CAAC;wBACX,GAAG,GAAG,GAAG,CAAC;wBACV,mBAAmB,GAAG,CAAC,IAAI,EAAE,IAAI,EAAE,IAAI,EAAE,IAAI,EAAE,IAAI,EAAE,IAAI,EAAE,IAAI,EAAE,IAAI,EAAE,IAAI,CAAC,CAAA;wBACjE,qBAAM,cAAI,CAAC,OAAO,CAAC,QAAQ,CAAC,CAAC,IAAI,CAAC,cAAc,CAAC,CAAC,IAAI,CAAC,EAAE,KAAK,OAAA,EAAE,GAAG,KAAA,EAAE,CAAC,EAAA;;wBAAjF,QAAQ,GAAG,SAAsE;wBACvF,IAAA,aAAM,EAAC,QAAQ,CAAC,MAAM,CAAC,CAAC,EAAE,CAAC,KAAK,CAAC,GAAG,CAAC,CAAC;wBACtC,IAAA,aAAM,EAAC,QAAQ,CAAC,IAAI,CAAC,CAAC,EAAE,CAAC,IAAI,CAAC,KAAK,CAAC,mBAAmB,CAAC,CAAC;;;;aAC1D,CAAC,CAAC;QAEH,EAAE,CAAC,2DAA2D,EAAE;;;;;wBACxD,KAAK,GAAG,GAAG,CAAC;wBACZ,GAAG,GAAG,EAAE,CAAC;wBACT,KAAK,GAAG;4BACZ,OAAO,EAAE,yGAAyG;yBACnH,CAAA;wBAEgB,qBAAM,cAAI,CAAC,OAAO,CAAC,QAAQ,CAAC,CAAC,IAAI,CAAC,cAAc,CAAC,CAAC,IAAI,CAAC,EAAE,KAAK,OAAA,EAAE,GAAG,KAAA,EAAE,CAAC,EAAA;;wBAAjF,QAAQ,GAAG,SAAsE;wBAEvF,IAAA,aAAM,EAAC,QAAQ,CAAC,MAAM,CAAC,CAAC,EAAE,CAAC,KAAK,CAAC,GAAG,CAAC,CAAC;wBACtC,IAAA,aAAM,EAAC,QAAQ,CAAC,IAAI,CAAC,CAAC,EAAE,CAAC,IAAI,CAAC,QAAQ,CAAC,OAAO,CAAC,CAAC;wBAChD,IAAA,aAAM,EAAC,QAAQ,CAAC,IAAI,CAAC,CAAC,EAAE,CAAC,IAAI,CAAC,KAAK,CAAC,KAAK,CAAC,CAAC;;;;aAC5C,CAAC,CAAC;IACL,CAAC,CAAC,CAAC;AACL,CAAC,CAAC,CAAC","sourcesContent":["import * as sinon from 'sinon';\nimport chai from 'chai';\nimport { expect } from 'chai';\nimport chaiHttp from 'chai-http';\nimport App from '../../src/app';\nimport CashBoxController from '../../src/controllers/cashbox.controller';\nimport PalindromeController from '../../src/controllers/palindromes.controller';\n\nchai.use(chaiHttp);\n\nconst { app } = new App();\n\n\ndescribe('PalindromeController', () => {\n  let palindromeController: PalindromeController;\n\n  before(() => {\n    palindromeController = new PalindromeController();\n  });\n\n  describe('POST /palindromos', () => {\n    const BASE_URL = 'http://localhost:3001';\n    it('should return array of string with numbers palindromes', async () => {\n      const start = 10;\n      const end = 100;\n      const expectedPalindromes = [\"11\", \"22\", \"33\", \"44\", \"55\", \"66\", \"77\", \"88\", \"99\"]\n      const response = await chai.request(BASE_URL).post('/palindromos').send({ start, end });\n      expect(response.status).to.equal(200);\n      expect(response.body).to.deep.equal(expectedPalindromes);\n    });\n\n    it('should return an error for an invalid start or end amount', async () => {\n      const start = 100;\n      const end = 10;\n      const error = {\n        \"error\": \"Invalid range. Make sure start and end are non-negative numbers and start is less than or equal to end.\"\n      }\n\n      const response = await chai.request(BASE_URL).post('/palindromos').send({ start, end });\n\n      expect(response.status).to.equal(500);\n      expect(response.body).to.have.property('error');\n      expect(response.body).to.deep.equal(error);\n    });\n  });\n});"]},"_coverageSchema":"1a1c01bbd47fc00a2c39e90264f33305004495a9","hash":"1752e14bbd349d576170610bdc23e36280904c97","contentHash":"5efbd83d668ae9696b135d52eeef877b19e6ae1a729376eaf931a9a963e720ed"},"/home/miguel/testes-tecnicos/teste-kukac/app/backend/src/controllers/palindromes.controller.ts":{"path":"/home/miguel/testes-tecnicos/teste-kukac/app/backend/src/controllers/palindromes.controller.ts","statementMap":{"0":{"start":{"line":2,"column":16},"end":{"line":10,"column":1}},"1":{"start":{"line":3,"column":28},"end":{"line":3,"column":110}},"2":{"start":{"line":3,"column":91},"end":{"line":3,"column":106}},"3":{"start":{"line":4,"column":4},"end":{"line":9,"column":7}},"4":{"start":{"line":5,"column":36},"end":{"line":5,"column":97}},"5":{"start":{"line":5,"column":42},"end":{"line":5,"column":70}},"6":{"start":{"line":5,"column":85},"end":{"line":5,"column":95}},"7":{"start":{"line":6,"column":35},"end":{"line":6,"column":100}},"8":{"start":{"line":6,"column":41},"end":{"line":6,"column":73}},"9":{"start":{"line":6,"column":88},"end":{"line":6,"column":98}},"10":{"start":{"line":7,"column":32},"end":{"line":7,"column":116}},"11":{"start":{"line":8,"column":8},"end":{"line":8,"column":78}},"12":{"start":{"line":11,"column":18},"end":{"line":37,"column":1}},"13":{"start":{"line":12,"column":12},"end":{"line":12,"column":104}},"14":{"start":{"line":12,"column":43},"end":{"line":12,"column":68}},"15":{"start":{"line":12,"column":57},"end":{"line":12,"column":68}},"16":{"start":{"line":12,"column":69},"end":{"line":12,"column":81}},"17":{"start":{"line":13,"column":4},"end":{"line":13,"column":157}},"18":{"start":{"line":13,"column":138},"end":{"line":13,"column":150}},"19":{"start":{"line":14,"column":23},"end":{"line":14,"column":68}},"20":{"start":{"line":14,"column":45},"end":{"line":14,"column":65}},"21":{"start":{"line":16,"column":8},"end":{"line":16,"column":70}},"22":{"start":{"line":16,"column":15},"end":{"line":16,"column":70}},"23":{"start":{"line":17,"column":8},"end":{"line":34,"column":66}},"24":{"start":{"line":17,"column":50},"end":{"line":34,"column":66}},"25":{"start":{"line":18,"column":12},"end":{"line":18,"column":169}},"26":{"start":{"line":18,"column":160},"end":{"line":18,"column":169}},"27":{"start":{"line":19,"column":12},"end":{"line":19,"column":52}},"28":{"start":{"line":19,"column":26},"end":{"line":19,"column":52}},"29":{"start":{"line":20,"column":12},"end":{"line":32,"column":13}},"30":{"start":{"line":21,"column":32},"end":{"line":21,"column":39}},"31":{"start":{"line":21,"column":40},"end":{"line":21,"column":46}},"32":{"start":{"line":22,"column":24},"end":{"line":22,"column":34}},"33":{"start":{"line":22,"column":35},"end":{"line":22,"column":72}},"34":{"start":{"line":23,"column":24},"end":{"line":23,"column":34}},"35":{"start":{"line":23,"column":35},"end":{"line":23,"column":45}},"36":{"start":{"line":23,"column":46},"end":{"line":23,"column":55}},"37":{"start":{"line":23,"column":56},"end":{"line":23,"column":65}},"38":{"start":{"line":24,"column":24},"end":{"line":24,"column":41}},"39":{"start":{"line":24,"column":42},"end":{"line":24,"column":55}},"40":{"start":{"line":24,"column":56},"end":{"line":24,"column":65}},"41":{"start":{"line":26,"column":20},"end":{"line":26,"column":128}},"42":{"start":{"line":26,"column":110},"end":{"line":26,"column":116}},"43":{"start":{"line":26,"column":117},"end":{"line":26,"column":126}},"44":{"start":{"line":27,"column":20},"end":{"line":27,"column":106}},"45":{"start":{"line":27,"column":81},"end":{"line":27,"column":97}},"46":{"start":{"line":27,"column":98},"end":{"line":27,"column":104}},"47":{"start":{"line":28,"column":20},"end":{"line":28,"column":89}},"48":{"start":{"line":28,"column":57},"end":{"line":28,"column":72}},"49":{"start":{"line":28,"column":73},"end":{"line":28,"column":80}},"50":{"start":{"line":28,"column":81},"end":{"line":28,"column":87}},"51":{"start":{"line":29,"column":20},"end":{"line":29,"column":87}},"52":{"start":{"line":29,"column":47},"end":{"line":29,"column":62}},"53":{"start":{"line":29,"column":63},"end":{"line":29,"column":78}},"54":{"start":{"line":29,"column":79},"end":{"line":29,"column":85}},"55":{"start":{"line":30,"column":20},"end":{"line":30,"column":42}},"56":{"start":{"line":30,"column":30},"end":{"line":30,"column":42}},"57":{"start":{"line":31,"column":20},"end":{"line":31,"column":33}},"58":{"start":{"line":31,"column":34},"end":{"line":31,"column":43}},"59":{"start":{"line":33,"column":12},"end":{"line":33,"column":39}},"60":{"start":{"line":34,"column":22},"end":{"line":34,"column":34}},"61":{"start":{"line":34,"column":35},"end":{"line":34,"column":41}},"62":{"start":{"line":34,"column":54},"end":{"line":34,"column":64}},"63":{"start":{"line":35,"column":8},"end":{"line":35,"column":35}},"64":{"start":{"line":35,"column":23},"end":{"line":35,"column":35}},"65":{"start":{"line":35,"column":36},"end":{"line":35,"column":89}},"66":{"start":{"line":38,"column":22},"end":{"line":40,"column":1}},"67":{"start":{"line":39,"column":4},"end":{"line":39,"column":62}},"68":{"start":{"line":41,"column":0},"end":{"line":41,"column":62}},"69":{"start":{"line":42,"column":28},"end":{"line":42,"column":87}},"70":{"start":{"line":43,"column":42},"end":{"line":64,"column":3}},"71":{"start":{"line":45,"column":8},"end":{"line":45,"column":69}},"72":{"start":{"line":47,"column":4},"end":{"line":62,"column":6}},"73":{"start":{"line":48,"column":8},"end":{"line":61,"column":11}},"74":{"start":{"line":50,"column":12},"end":{"line":60,"column":15}},"75":{"start":{"line":51,"column":16},"end":{"line":58,"column":17}},"76":{"start":{"line":52,"column":20},"end":{"line":52,"column":66}},"77":{"start":{"line":53,"column":20},"end":{"line":53,"column":103}},"78":{"start":{"line":54,"column":20},"end":{"line":54,"column":77}},"79":{"start":{"line":57,"column":20},"end":{"line":57,"column":67}},"80":{"start":{"line":59,"column":16},"end":{"line":59,"column":38}},"81":{"start":{"line":63,"column":4},"end":{"line":63,"column":32}},"82":{"start":{"line":65,"column":0},"end":{"line":65,"column":39}}},"fnMap":{"0":{"name":"(anonymous_0)","decl":{"start":{"line":2,"column":44},"end":{"line":2,"column":45}},"loc":{"start":{"line":2,"column":89},"end":{"line":10,"column":1}},"line":2},"1":{"name":"adopt","decl":{"start":{"line":3,"column":13},"end":{"line":3,"column":18}},"loc":{"start":{"line":3,"column":26},"end":{"line":3,"column":112}},"line":3},"2":{"name":"(anonymous_2)","decl":{"start":{"line":3,"column":70},"end":{"line":3,"column":71}},"loc":{"start":{"line":3,"column":89},"end":{"line":3,"column":108}},"line":3},"3":{"name":"(anonymous_3)","decl":{"start":{"line":4,"column":36},"end":{"line":4,"column":37}},"loc":{"start":{"line":4,"column":63},"end":{"line":9,"column":5}},"line":4},"4":{"name":"fulfilled","decl":{"start":{"line":5,"column":17},"end":{"line":5,"column":26}},"loc":{"start":{"line":5,"column":34},"end":{"line":5,"column":99}},"line":5},"5":{"name":"rejected","decl":{"start":{"line":6,"column":17},"end":{"line":6,"column":25}},"loc":{"start":{"line":6,"column":33},"end":{"line":6,"column":102}},"line":6},"6":{"name":"step","decl":{"start":{"line":7,"column":17},"end":{"line":7,"column":21}},"loc":{"start":{"line":7,"column":30},"end":{"line":7,"column":118}},"line":7},"7":{"name":"(anonymous_7)","decl":{"start":{"line":11,"column":48},"end":{"line":11,"column":49}},"loc":{"start":{"line":11,"column":73},"end":{"line":37,"column":1}},"line":11},"8":{"name":"(anonymous_8)","decl":{"start":{"line":12,"column":30},"end":{"line":12,"column":31}},"loc":{"start":{"line":12,"column":41},"end":{"line":12,"column":83}},"line":12},"9":{"name":"(anonymous_9)","decl":{"start":{"line":13,"column":125},"end":{"line":13,"column":126}},"loc":{"start":{"line":13,"column":136},"end":{"line":13,"column":152}},"line":13},"10":{"name":"verb","decl":{"start":{"line":14,"column":13},"end":{"line":14,"column":17}},"loc":{"start":{"line":14,"column":21},"end":{"line":14,"column":70}},"line":14},"11":{"name":"(anonymous_11)","decl":{"start":{"line":14,"column":30},"end":{"line":14,"column":31}},"loc":{"start":{"line":14,"column":43},"end":{"line":14,"column":67}},"line":14},"12":{"name":"step","decl":{"start":{"line":15,"column":13},"end":{"line":15,"column":17}},"loc":{"start":{"line":15,"column":22},"end":{"line":36,"column":5}},"line":15},"13":{"name":"(anonymous_13)","decl":{"start":{"line":38,"column":56},"end":{"line":38,"column":57}},"loc":{"start":{"line":38,"column":71},"end":{"line":40,"column":1}},"line":38},"14":{"name":"(anonymous_14)","decl":{"start":{"line":43,"column":42},"end":{"line":43,"column":43}},"loc":{"start":{"line":43,"column":54},"end":{"line":64,"column":1}},"line":43},"15":{"name":"PalindromeController","decl":{"start":{"line":44,"column":13},"end":{"line":44,"column":33}},"loc":{"start":{"line":44,"column":36},"end":{"line":46,"column":5}},"line":44},"16":{"name":"(anonymous_16)","decl":{"start":{"line":47,"column":55},"end":{"line":47,"column":56}},"loc":{"start":{"line":47,"column":75},"end":{"line":62,"column":5}},"line":47},"17":{"name":"(anonymous_17)","decl":{"start":{"line":48,"column":47},"end":{"line":48,"column":48}},"loc":{"start":{"line":48,"column":59},"end":{"line":61,"column":9}},"line":48},"18":{"name":"(anonymous_18)","decl":{"start":{"line":50,"column":37},"end":{"line":50,"column":38}},"loc":{"start":{"line":50,"column":51},"end":{"line":60,"column":13}},"line":50}},"branchMap":{"0":{"loc":{"start":{"line":2,"column":16},"end":{"line":10,"column":1}},"type":"binary-expr","locations":[{"start":{"line":2,"column":17},"end":{"line":2,"column":21}},{"start":{"line":2,"column":25},"end":{"line":2,"column":39}},{"start":{"line":2,"column":44},"end":{"line":10,"column":1}}],"line":2},"1":{"loc":{"start":{"line":3,"column":35},"end":{"line":3,"column":109}},"type":"cond-expr","locations":[{"start":{"line":3,"column":56},"end":{"line":3,"column":61}},{"start":{"line":3,"column":64},"end":{"line":3,"column":109}}],"line":3},"2":{"loc":{"start":{"line":4,"column":16},"end":{"line":4,"column":34}},"type":"binary-expr","locations":[{"start":{"line":4,"column":16},"end":{"line":4,"column":17}},{"start":{"line":4,"column":22},"end":{"line":4,"column":33}}],"line":4},"3":{"loc":{"start":{"line":7,"column":32},"end":{"line":7,"column":115}},"type":"cond-expr","locations":[{"start":{"line":7,"column":46},"end":{"line":7,"column":67}},{"start":{"line":7,"column":70},"end":{"line":7,"column":115}}],"line":7},"4":{"loc":{"start":{"line":8,"column":51},"end":{"line":8,"column":67}},"type":"binary-expr","locations":[{"start":{"line":8,"column":51},"end":{"line":8,"column":61}},{"start":{"line":8,"column":65},"end":{"line":8,"column":67}}],"line":8},"5":{"loc":{"start":{"line":11,"column":18},"end":{"line":37,"column":1}},"type":"binary-expr","locations":[{"start":{"line":11,"column":19},"end":{"line":11,"column":23}},{"start":{"line":11,"column":27},"end":{"line":11,"column":43}},{"start":{"line":11,"column":48},"end":{"line":37,"column":1}}],"line":11},"6":{"loc":{"start":{"line":12,"column":43},"end":{"line":12,"column":68}},"type":"if","locations":[{"start":{"line":12,"column":43},"end":{"line":12,"column":68}},{"start":{"line":12,"column":43},"end":{"line":12,"column":68}}],"line":12},"7":{"loc":{"start":{"line":13,"column":71},"end":{"line":13,"column":153}},"type":"binary-expr","locations":[{"start":{"line":13,"column":71},"end":{"line":13,"column":99}},{"start":{"line":13,"column":104},"end":{"line":13,"column":152}}],"line":13},"8":{"loc":{"start":{"line":16,"column":8},"end":{"line":16,"column":70}},"type":"if","locations":[{"start":{"line":16,"column":8},"end":{"line":16,"column":70}},{"start":{"line":16,"column":8},"end":{"line":16,"column":70}}],"line":16},"9":{"loc":{"start":{"line":17,"column":15},"end":{"line":17,"column":45}},"type":"binary-expr","locations":[{"start":{"line":17,"column":15},"end":{"line":17,"column":16}},{"start":{"line":17,"column":21},"end":{"line":17,"column":44}}],"line":17},"10":{"loc":{"start":{"line":17,"column":28},"end":{"line":17,"column":44}},"type":"binary-expr","locations":[{"start":{"line":17,"column":28},"end":{"line":17,"column":33}},{"start":{"line":17,"column":38},"end":{"line":17,"column":43}}],"line":17},"11":{"loc":{"start":{"line":18,"column":12},"end":{"line":18,"column":169}},"type":"if","locations":[{"start":{"line":18,"column":12},"end":{"line":18,"column":169}},{"start":{"line":18,"column":12},"end":{"line":18,"column":169}}],"line":18},"12":{"loc":{"start":{"line":18,"column":23},"end":{"line":18,"column":158}},"type":"binary-expr","locations":[{"start":{"line":18,"column":23},"end":{"line":18,"column":24}},{"start":{"line":18,"column":29},"end":{"line":18,"column":125}},{"start":{"line":18,"column":130},"end":{"line":18,"column":158}}],"line":18},"13":{"loc":{"start":{"line":18,"column":33},"end":{"line":18,"column":125}},"type":"cond-expr","locations":[{"start":{"line":18,"column":45},"end":{"line":18,"column":56}},{"start":{"line":18,"column":59},"end":{"line":18,"column":125}}],"line":18},"14":{"loc":{"start":{"line":18,"column":59},"end":{"line":18,"column":125}},"type":"cond-expr","locations":[{"start":{"line":18,"column":67},"end":{"line":18,"column":116}},{"start":{"line":18,"column":119},"end":{"line":18,"column":125}}],"line":18},"15":{"loc":{"start":{"line":18,"column":67},"end":{"line":18,"column":116}},"type":"binary-expr","locations":[{"start":{"line":18,"column":67},"end":{"line":18,"column":77}},{"start":{"line":18,"column":82},"end":{"line":18,"column":115}}],"line":18},"16":{"loc":{"start":{"line":18,"column":82},"end":{"line":18,"column":112}},"type":"binary-expr","locations":[{"start":{"line":18,"column":83},"end":{"line":18,"column":98}},{"start":{"line":18,"column":103},"end":{"line":18,"column":112}}],"line":18},"17":{"loc":{"start":{"line":19,"column":12},"end":{"line":19,"column":52}},"type":"if","locations":[{"start":{"line":19,"column":12},"end":{"line":19,"column":52}},{"start":{"line":19,"column":12},"end":{"line":19,"column":52}}],"line":19},"18":{"loc":{"start":{"line":20,"column":12},"end":{"line":32,"column":13}},"type":"switch","locations":[{"start":{"line":21,"column":16},"end":{"line":21,"column":23}},{"start":{"line":21,"column":24},"end":{"line":21,"column":46}},{"start":{"line":22,"column":16},"end":{"line":22,"column":72}},{"start":{"line":23,"column":16},"end":{"line":23,"column":65}},{"start":{"line":24,"column":16},"end":{"line":24,"column":65}},{"start":{"line":25,"column":16},"end":{"line":31,"column":43}}],"line":20},"19":{"loc":{"start":{"line":26,"column":20},"end":{"line":26,"column":128}},"type":"if","locations":[{"start":{"line":26,"column":20},"end":{"line":26,"column":128}},{"start":{"line":26,"column":20},"end":{"line":26,"column":128}}],"line":26},"20":{"loc":{"start":{"line":26,"column":24},"end":{"line":26,"column":106}},"type":"binary-expr","locations":[{"start":{"line":26,"column":24},"end":{"line":26,"column":74}},{"start":{"line":26,"column":79},"end":{"line":26,"column":90}},{"start":{"line":26,"column":94},"end":{"line":26,"column":105}}],"line":26},"21":{"loc":{"start":{"line":26,"column":42},"end":{"line":26,"column":73}},"type":"binary-expr","locations":[{"start":{"line":26,"column":42},"end":{"line":26,"column":54}},{"start":{"line":26,"column":58},"end":{"line":26,"column":73}}],"line":26},"22":{"loc":{"start":{"line":27,"column":20},"end":{"line":27,"column":106}},"type":"if","locations":[{"start":{"line":27,"column":20},"end":{"line":27,"column":106}},{"start":{"line":27,"column":20},"end":{"line":27,"column":106}}],"line":27},"23":{"loc":{"start":{"line":27,"column":24},"end":{"line":27,"column":77}},"type":"binary-expr","locations":[{"start":{"line":27,"column":24},"end":{"line":27,"column":35}},{"start":{"line":27,"column":40},"end":{"line":27,"column":42}},{"start":{"line":27,"column":47},"end":{"line":27,"column":59}},{"start":{"line":27,"column":63},"end":{"line":27,"column":75}}],"line":27},"24":{"loc":{"start":{"line":28,"column":20},"end":{"line":28,"column":89}},"type":"if","locations":[{"start":{"line":28,"column":20},"end":{"line":28,"column":89}},{"start":{"line":28,"column":20},"end":{"line":28,"column":89}}],"line":28},"25":{"loc":{"start":{"line":28,"column":24},"end":{"line":28,"column":53}},"type":"binary-expr","locations":[{"start":{"line":28,"column":24},"end":{"line":28,"column":35}},{"start":{"line":28,"column":39},"end":{"line":28,"column":53}}],"line":28},"26":{"loc":{"start":{"line":29,"column":20},"end":{"line":29,"column":87}},"type":"if","locations":[{"start":{"line":29,"column":20},"end":{"line":29,"column":87}},{"start":{"line":29,"column":20},"end":{"line":29,"column":87}}],"line":29},"27":{"loc":{"start":{"line":29,"column":24},"end":{"line":29,"column":43}},"type":"binary-expr","locations":[{"start":{"line":29,"column":24},"end":{"line":29,"column":25}},{"start":{"line":29,"column":29},"end":{"line":29,"column":43}}],"line":29},"28":{"loc":{"start":{"line":30,"column":20},"end":{"line":30,"column":42}},"type":"if","locations":[{"start":{"line":30,"column":20},"end":{"line":30,"column":42}},{"start":{"line":30,"column":20},"end":{"line":30,"column":42}}],"line":30},"29":{"loc":{"start":{"line":35,"column":8},"end":{"line":35,"column":35}},"type":"if","locations":[{"start":{"line":35,"column":8},"end":{"line":35,"column":35}},{"start":{"line":35,"column":8},"end":{"line":35,"column":35}}],"line":35},"30":{"loc":{"start":{"line":35,"column":52},"end":{"line":35,"column":74}},"type":"cond-expr","locations":[{"start":{"line":35,"column":60},"end":{"line":35,"column":65}},{"start":{"line":35,"column":68},"end":{"line":35,"column":74}}],"line":35},"31":{"loc":{"start":{"line":38,"column":22},"end":{"line":40,"column":1}},"type":"binary-expr","locations":[{"start":{"line":38,"column":23},"end":{"line":38,"column":27}},{"start":{"line":38,"column":31},"end":{"line":38,"column":51}},{"start":{"line":38,"column":56},"end":{"line":40,"column":1}}],"line":38},"32":{"loc":{"start":{"line":39,"column":11},"end":{"line":39,"column":61}},"type":"cond-expr","locations":[{"start":{"line":39,"column":37},"end":{"line":39,"column":40}},{"start":{"line":39,"column":43},"end":{"line":39,"column":61}}],"line":39},"33":{"loc":{"start":{"line":39,"column":12},"end":{"line":39,"column":33}},"type":"binary-expr","locations":[{"start":{"line":39,"column":12},"end":{"line":39,"column":15}},{"start":{"line":39,"column":19},"end":{"line":39,"column":33}}],"line":39}},"s":{"0":1,"1":0,"2":0,"3":2,"4":0,"5":0,"6":0,"7":0,"8":0,"9":0,"10":2,"11":2,"12":1,"13":2,"14":0,"15":0,"16":0,"17":2,"18":0,"19":6,"20":2,"21":2,"22":0,"23":2,"24":4,"25":4,"26":0,"27":4,"28":0,"29":4,"30":2,"31":2,"32":0,"33":0,"34":0,"35":0,"36":0,"37":0,"38":0,"39":0,"40":0,"41":2,"42":2,"43":2,"44":0,"45":0,"46":0,"47":0,"48":0,"49":0,"50":0,"51":0,"52":0,"53":0,"54":0,"55":0,"56":0,"57":0,"58":0,"59":2,"60":0,"61":0,"62":4,"63":2,"64":0,"65":2,"66":1,"67":1,"68":1,"69":1,"70":1,"71":3,"72":1,"73":2,"74":2,"75":2,"76":2,"77":2,"78":1,"79":1,"80":1,"81":1,"82":1},"f":{"0":2,"1":0,"2":0,"3":2,
[...]
= new Moto(newMoto.modelo, newMoto.year, newMoto.brand, newMoto.passengers);\n\n    res.status = sinon.stub().returns(res);\n    res.json = sinon.stub();\n\n    sinon.stub(vehicleService, 'saveVehicle').resolves(motoInstance);\n    vehicleController.saveVehicle(req, res);\n\n    expect(res.status).to.have.been.calledWith(201);\n    expect(res.json).to.have.been.calledWith(motoInstance); \n  });\n  it('should return error when trying to add invalid number of passengers', async () => {\n    const newMoto = {\n      modelo: \"CG 150\",\n      year: 2020,\n      passengers: 0,\n      brand: \"Honda\"\n    };\n    const error = { error: 'A moto precisa ter no mínimo 1 passageiro e no máximo 2.' }\n\n    const res: Response = {} as Response;\n    const req: Request = {\n      body: {\n        \"vehicle\": \"moto\",\n        ...newMoto\n      }\n    } as Request;\n\n    res.status = sinon.stub().returns(res);\n    res.json = sinon.stub();\n\n    sinon.stub(vehicleService, 'saveVehicle').throws(new Error(error.error));\n    vehicleController.saveVehicle(req, res);\n    \n    expect(res.status).to.have.been.calledWith(400);\n    expect(res.json).to.have.been.calledWith(error);\n  });\n});"]},"_coverageSchema":"1a1c01bbd47fc00a2c39e90264f33305004495a9","hash":"03a20a5084e300686c2b03b54d384550ffb37501","contentHash":"43fce89b96582437f7bc687a727eaff9351bcfb33a2a1a234f487ad6526a9b94"},"/home/miguel/testes-tecnicos/teste-kukac/app/backend/tests/unit/service/cashbox.test.ts":{"path":"/home/miguel/testes-tecnicos/teste-kukac/app/backend/tests/unit/service/cashbox.test.ts","statementMap":{"0":{"start":{"line":2,"column":22},"end":{"line":4,"column":1}},"1":{"start":{"line":3,"column":4},"end":{"line":3,"column":62}},"2":{"start":{"line":5,"column":0},"end":{"line":5,"column":62}},"3":{"start":{"line":6,"column":13},"end":{"line":6,"column":28}},"4":{"start":{"line":7,"column":13},"end":{"line":7,"column":45}},"5":{"start":{"line":8,"column":18},"end":{"line":8,"column":55}},"6":{"start":{"line":9,"column":24},"end":{"line":9,"column":89}},"7":{"start":{"line":10,"column":0},"end":{"line":10,"column":40}},"8":{"start":{"line":11,"column":0},"end":{"line":43,"column":3}},"9":{"start":{"line":13,"column":4},"end":{"line":15,"column":7}},"10":{"start":{"line":14,"column":8},"end":{"line":14,"column":57}},"11":{"start":{"line":16,"column":4},"end":{"line":42,"column":7}},"12":{"start":{"line":17,"column":8},"end":{"line":23,"column":11}},"13":{"start":{"line":18,"column":27},"end":{"line":18,"column":29}},"14":{"start":{"line":19,"column":24},"end":{"line":19,"column":27}},"15":{"start":{"line":20,"column":33},"end":{"line":20,"column":42}},"16":{"start":{"line":21,"column":25},"end":{"line":21,"column":72}},"17":{"start":{"line":22,"column":12},"end":{"line":22,"column":69}},"18":{"start":{"line":24,"column":8},"end":{"line":28,"column":11}},"19":{"start":{"line":25,"column":27},"end":{"line":25,"column":30}},"20":{"start":{"line":26,"column":24},"end":{"line":26,"column":26}},"21":{"start":{"line":27,"column":12},"end":{"line":27,"column":160}},"22":{"start":{"line":27,"column":45},"end":{"line":27,"column":100}},"23":{"start":{"line":29,"column":8},"end":{"line":34,"column":11}},"24":{"start":{"line":30,"column":27},"end":{"line":30,"column":29}},"25":{"start":{"line":31,"column":24},"end":{"line":31,"column":26}},"26":{"start":{"line":32,"column":25},"end":{"line":32,"column":72}},"27":{"start":{"line":33,"column":12},"end":{"line":33,"column":57}},"28":{"start":{"line":35,"column":8},"end":{"line":41,"column":11}},"29":{"start":{"line":36,"column":27},"end":{"line":36,"column":29}},"30":{"start":{"line":37,"column":24},"end":{"line":37,"column":27}},"31":{"start":{"line":38,"column":33},"end":{"line":38,"column":48}},"32":{"start":{"line":39,"column":25},"end":{"line":39,"column":72}},"33":{"start":{"line":40,"column":12},"end":{"line":40,"column":69}}},"fnMap":{"0":{"name":"(anonymous_0)","decl":{"start":{"line":2,"column":56},"end":{"line":2,"column":57}},"loc":{"start":{"line":2,"column":71},"end":{"line":4,"column":1}},"line":2},"1":{"name":"(anonymous_1)","decl":{"start":{"line":11,"column":27},"end":{"line":11,"column":28}},"loc":{"start":{"line":11,"column":39},"end":{"line":43,"column":1}},"line":11},"2":{"name":"(anonymous_2)","decl":{"start":{"line":13,"column":15},"end":{"line":13,"column":16}},"loc":{"start":{"line":13,"column":27},"end":{"line":15,"column":5}},"line":13},"3":{"name":"(anonymous_3)","decl":{"start":{"line":16,"column":32},"end":{"line":16,"column":33}},"loc":{"start":{"line":16,"column":44},"end":{"line":42,"column":5}},"line":16},"4":{"name":"(anonymous_4)","decl":{"start":{"line":17,"column":84},"end":{"line":17,"column":85}},"loc":{"start":{"line":17,"column":96},"end":{"line":23,"column":9}},"line":17},"5":{"name":"(anonymous_5)","decl":{"start":{"line":24,"column":59},"end":{"line":24,"column":60}},"loc":{"start":{"line":24,"column":71},"end":{"line":28,"column":9}},"line":24},"6":{"name":"(anonymous_6)","decl":{"start":{"line":27,"column":31},"end":{"line":27,"column":32}},"loc":{"start":{"line":27,"column":43},"end":{"line":27,"column":102}},"line":27},"7":{"name":"(anonymous_7)","decl":{"start":{"line":29,"column":61},"end":{"line":29,"column":62}},"loc":{"start":{"line":29,"column":73},"end":{"line":34,"column":9}},"line":29},"8":{"name":"(anonymous_8)","decl":{"start":{"line":35,"column":74},"end":{"line":35,"column":75}},"loc":{"start":{"line":35,"column":86},"end":{"line":41,"column":9}},"line":35}},"branchMap":{"0":{"loc":{"start":{"line":2,"column":22},"end":{"line":4,"column":1}},"type":"binary-expr","locations":[{"start":{"line":2,"column":23},"end":{"line":2,"column":27}},{"start":{"line":2,"column":31},"end":{"line":2,"column":51}},{"start":{"line":2,"column":56},"end":{"line":4,"column":1}}],"line":2},"1":{"loc":{"start":{"line":3,"column":11},"end":{"line":3,"column":61}},"type":"cond-expr","locations":[{"start":{"line":3,"column":37},"end":{"line":3,"column":40}},{"start":{"line":3,"column":43},"end":{"line":3,"column":61}}],"line":3},"2":{"loc":{"start":{"line":3,"column":12},"end":{"line":3,"column":33}},"type":"binary-expr","locations":[{"start":{"line":3,"column":12},"end":{"line":3,"column":15}},{"start":{"line":3,"column":19},"end":{"line":3,"column":33}}],"line":3}},"s":{"0":1,"1":3,"2":1,"3":1,"4":1,"5":1,"6":1,"7":1,"8":1,"9":1,"10":4,"11":1,"12":1,"13":1,"14":1,"15":1,"16":1,"17":1,"18":1,"19":1,"20":1,"21":1,"22":1,"23":1,"24":1,"25":1,"26":1,"27":1,"28":1,"29":1,"30":1,"31":1,"32":1,"33":1},"f":{"0":3,"1":1,"2":4,"3":1,"4":1,"5":1,"6":1,"7":1,"8":1},"b":{"0":[1,1,1],"1":[1,2],"2":[3,3]},"inputSourceMap":{"version":3,"file":"/home/miguel/testes-tecnicos/teste-kukac/app/backend/tests/unit/service/cashbox.test.ts","sources":["/home/miguel/testes-tecnicos/teste-kukac/app/backend/tests/unit/service/cashbox.test.ts"],"names":[],"mappings":";;;;;AAAA,6BAA8B;AAE9B,8CAAwB;AACxB,wDAAiC;AACjC,0FAAmE;AAEnE,cAAI,CAAC,GAAG,CAAC,mBAAQ,CAAC,CAAC;AACnB,QAAQ,CAAC,gBAAgB,EAAE;IACzB,IAAI,cAA8B,CAAC;IAEnC,UAAU,CAAC;QACT,cAAc,GAAG,IAAI,yBAAc,EAAE,CAAC;IACxC,CAAC,CAAC,CAAC;IAEH,QAAQ,CAAC,iBAAiB,EAAE;QAC1B,EAAE,CAAC,uEAAuE,EAAE;YAC1E,IAAM,QAAQ,GAAG,EAAE,CAAC;YACpB,IAAM,KAAK,GAAG,GAAG,CAAC;YAClB,IAAM,cAAc,GAAG,EAAE,EAAE,EAAE,CAAC,EAAE,CAAC;YACjC,IAAM,MAAM,GAAG,cAAc,CAAC,eAAe,CAAC,QAAQ,EAAE,KAAK,CAAC,CAAC;YAC/D,IAAA,aAAM,EAAC,MAAM,CAAC,CAAC,EAAE,CAAC,IAAI,CAAC,KAAK,CAAC,cAAc,CAAC,CAAC;QAC/C,CAAC,CAAC,CAAC;QAEH,EAAE,CAAC,8CAA8C,EAAE;YACjD,IAAM,QAAQ,GAAG,GAAG,CAAC;YACrB,IAAM,KAAK,GAAG,EAAE,CAAC;YAEjB,IAAA,aAAM,EAAC,cAAM,OAAA,cAAc,CAAC,eAAe,CAAC,QAAQ,EAAE,KAAK,CAAC,EAA/C,CAA+C,CAAC,CAAC,EAAE,CAAC,KAAK,CAAC,6CAA6C,CAAC,CAAC;QACxH,CAAC,CAAC,CAAC;QAEH,EAAE,CAAC,gDAAgD,EAAE;YACnD,IAAM,QAAQ,GAAG,EAAE,CAAC;YACpB,IAAM,KAAK,GAAG,EAAE,CAAC;YAEjB,IAAM,MAAM,GAAG,cAAc,CAAC,eAAe,CAAC,QAAQ,EAAE,KAAK,CAAC,CAAC;YAE/D,IAAA,aAAM,EAAC,MAAM,CAAC,CAAC,EAAE,CAAC,IAAI,CAAC,KAAK,CAAC,EAAE,CAAC,CAAC;QACnC,CAAC,CAAC,CAAC;QAEH,EAAE,CAAC,6DAA6D,EAAE;YAChE,IAAM,QAAQ,GAAG,EAAE,CAAC;YACpB,IAAM,KAAK,GAAG,GAAG,CAAC;YAClB,IAAM,cAAc,GAAG,EAAE,CAAC,EAAE,CAAC,EAAE,EAAE,EAAE,CAAC,EAAE,CAAC;YAEvC,IAAM,MAAM,GAAG,cAAc,CAAC,eAAe,CAAC,QAAQ,EAAE,KAAK,CAAC,CAAC;YAE/D,IAAA,aAAM,EAAC,MAAM,CAAC,CAAC,EAAE,CAAC,IAAI,CAAC,KAAK,CAAC,cAAc,CAAC,CAAC;QAC/C,CAAC,CAAC,CAAC;IACL,CAAC,CAAC,CAAC;AACL,CAAC,CAAC,CAAC","sourcesContent":["import { expect } from 'chai';\nimport * as sinon from 'sinon';\nimport chai from 'chai';\nimport chaiHttp from 'chai-http';\nimport CashBoxService from '../../../src/services/cashbox.service';\n\nchai.use(chaiHttp);\ndescribe('CashBoxService', () => {\n  let cashBoxService: CashBoxService;\n\n  beforeEach(() => {\n    cashBoxService = new CashBoxService();\n  });\n\n  describe('calculateChange', () => {\n    it('should return the correct change for a purchase with sufficient money', () => {\n      const purchase = 50;\n      const money = 100;\n      const expectedChange = { 10: 5 };\n      const result = cashBoxService.calculateChange(purchase, money);\n      expect(result).to.deep.equal(expectedChange);\n    });\n\n    it('should throw an error for insufficient money', () => {\n      const purchase = 100;\n      const money = 50;\n\n      expect(() => cashBoxService.calculateChange(purchase, money)).to.throw('Insufficient money to pay for the purchase.');\n    });\n\n    it('should return an empty object for exact change', () => {\n      const purchase = 50;\n      const money = 50;\n\n      const result = cashBoxService.calculateChange(purchase, money);\n\n      expect(result).to.deep.equal({});\n    });\n\n    it('should return the correct change for larger notes available', () => {\n      const purchase = 72;\n      const money = 100;\n      const expectedChange = { 1: 8, 10: 2 };\n\n      const result = cashBoxService.calculateChange(purchase, money);\n\n      expect(result).to.deep.equal(expectedChange);\n    });\n  });\n});"]},"_coverageSchema":"1a1c01bbd47fc00a2c39e90264f33305004495a9","hash":"2b1a143de848222854e5fc2ad506df0a326f9f6d","contentHash":"11716b4d503d4996e0d12a35d72c10c4def559d4a4f5201daa738b24bad535a0"},"/home/miguel/testes-tecnicos/teste-kukac/app/backend/tests/unit/service/palindrome.test.ts":{"path":"/home/miguel/testes-tecnicos/teste-kukac/app/backend/tests/unit/service/palindrome.test.ts","statementMap":{"0":{"start":{"line":2,"column":22},"end":{"line":4,"column":1}},"1":{"start":{"line":3,"column":4},"end":{"line":3,"column":62}},"2":{"start":{"line":5,"column":0},"end":{"line":5,"column":62}},"3":{"start":{"line":6,"column":13},"end":{"line":6,"column":28}},"4":{"start":{"line":7,"column":13},"end":{"line":7,"column":45}},"5":{"start":{"line":8,"column":18},"end":{"line":8,"column":55}},"6":{"start":{"line":9,"column":28},"end":{"line":9,"column":97}},"7":{"start":{"line":10,"column":0},"end":{"line":10,"column":40}},"8":{"start":{"line":11,"column":0},"end":{"line":48,"column":3}},"9":{"start":{"line":13,"column":4},"end":{"line":15,"column":7}},"10":{"start":{"line":14,"column":8},"end":{"line":14,"column":64}},"11":{"start":{"line":16,"column":4},"end":{"line":27,"column":7}},"12":{"start":{"line":17,"column":8},"end":{"line":21,"column":11}},"13":{"start":{"line":18,"column":35},"end":{"line":18,"column":38}},"14":{"start":{"line":19,"column":25},"end":{"line":19,"column":73}},"15":{"start":{"line":20,"column":12},"end":{"line":20,"column":50}},"16":{"start":{"line":22,"column":8},"end":{"line":26,"column":11}},"17":{"start":{"line":23,"column":38},"end":{"line":23,"column":41}},"18":{"start":{"line":24,"column":25},"end":{"line":24,"column":76}},"19":{"start":{"line":25,"column":12},"end":{"line":25,"column":51}},"20":{"start":{"line":28,"column":4},"end":{"line":47,"column":7}},"21":{"start":{"line":29,"column":8},"end":{"line":35,"column":11}},"22":{"start":{"line":30,"column":24},"end":{"line":30,"column":27}},"23":{"start":{"line":31,"column":22},"end":{"line":31,"column":25}},"24":{"start":{"line":32,"column":38},"end":{"line":32,"column":108}},"25":{"start":{"line":33,"column":25},"end":{"line":33,"column":72}},"26":{"start":{"line":34,"column":12},"end":{"line":34,"column":74}},"27":{"start":{"line":36,"column":8},"end":{"line":40,"column":11}},"28":{"start":{"line":37,"column":24},"end":{"line":37,"column":27}},"29":{"start":{"line":38,"column":22},"end":{"line":38,"column":24}},"30":{"start":{"line":39,"column":12},"end":{"line":39,"column":220}},"31":{"start":{"line":39,"column":45},"end":{"line":39,"column":100}},"32":{"start":{"line":41,"column":8},"end":{"line":46,"column":11}},"33":{"start":{"line":42,"column":24},"end":{"line":42,"column":25}},"34":{"start":{"line":43,"column":22},"end":{"line":43,"column":23}},"35":{"start":{"line":44,"column":25},"end":{"line":44,"column":72}},"36":{"start":{"line":45,"column":12},"end":{"line":45,"column":57}}},"fnMap":{"0":{"name":"(anonymous_0)","decl":{"start":{"line":2,"column":56},"end":{"line":2,"column":57}},"loc":{"start":{"line":2,"column":71},"end":{"line":4,"column":1}},"line":2},"1":{"name":"(anonymous_1)","decl":{"start":{"line":11,"column":31},"end":{"line":11,"column":32}},"loc":{"start":{"line":11,"column":43},"end":{"line":48,"column":1}},"line":11},"2":{"name":"(anonymous_2)","decl":{"start":{"line":13,"column":15},"end":{"line":13,"column":16}},"loc":{"start":{"line":13,"column":27},"end":{"line":15,"column":5}},"line":13},"3":{"name":"(anonymous_3)","decl":{"start":{"line":16,"column":29},"end":{"line":16,"column":30}},"loc":{"start":{"line":16,"column":41},"end":{"line":27,"column":5}},"line":16},"4":{"name":"(anonymous_4)","decl":{"start":{"line":17,"column":57},"end":{"line":17,"column":58}},"loc":{"start":{"line":17,"column":69},"end":{"line":21,"column":9}},"line":17},"5":{"name":"(anonymous_5)","decl":{"start":{"line":22,"column":62},"end":{"line":22,"column":63}},"loc":{"start":{"line":22,"column":74},"end":{"line":26,"column":9}},"line":22},"6":{"name":"(anonymous_6)","decl":{"start":{"line":28,"column":34},"end":{"line":28,"column":35}},"loc":{"start":{"line":28,"column":46},"end":{"line":47,"column":5}},"line":28},"7":{"name":"(anonymous_7)","decl":{"start":{"line":29,"column":83},"end":{"line":29,"column":84}},"loc":{"start":{"line":29,"column":95},"end":{"line":35,"column":9}},"line":29},"8":{"name":"(anonymous_8)","decl":{"start":{"line":36,"column":57},"end":{"line":36,"column":58}},"loc":{"start":{"line":36,"column":69},"end":{"line":40,"column":9}},"line":36},"9":{"name":"(anonymous_9)","decl":{"start":{"line":39,"column":31},"end":{"line":39,"column":32}},"loc":{"start":{"line":39,"column":43},"end":{"line":39,"column":102}},"line":39},"10":{"name":"(anonymous_10)","decl":{"start":{"line":41,"column":83},"end":{"line":41,"column":84}},"loc":{"start":{"line":41,"column":95},"end":{"line":46,"column":9}},"line":41}},"branchMap":{"0":{"loc":{"start":{"line":2,"column":22},"end":{"line":4,"column":1}},"type":"binary-expr","locations":[{"start":{"line":2,"column":23},"end":{"line":2,"column":27}},{"start":{"line":2,"column":31},"end":{"line":2,"column":51}},{"start":{"line":2,"column":56},"end":{"line":4,"column":1}}],"line":2},"1":{"loc":{"start":{"line":3,"column":11},"end":{"line":3,"column":61}},"type":"cond-expr","locations":[{"start":{"line":3,"column":37},"end":{"line":3,"column":40}},{"start":{"line":3,"column":43},"end":{"line":3,"column":61}}],"line":3},"2":{"loc":{"start":{"line":3,"column":12},"end":{"line":3,"column":33}},"type":"binary-expr","locations":[{"start":{"line":3,"column":12},"end":{"line":3,"column":15}},{"start":{"line":3,"column":19},"end":{"line":3,"column":33}}],"line":3}},"s":{"0":1,"1":3,"2":1,"3":1,"4":1,"5":1,"6":1,"7":1,"8":1,"9":1,"10":5,"11":1,"12":1,"13":1,"14":1,"15":1,"16":1,"17":1,"18":1,"19":1,"20":1,"21":1,"22":1,"23":1,"24":1,"25":1,"26":1,"27":1,"28":1,"29":1,"30":1,"31":1,"32":1,"33":1,"34":1,"35":1,"36":1},"f":{"0":3,"1":1,"2":5,"3":1,"4":1,"5":1,"6":1,"7":1,"8":1,"9":1,"10":1},"b":{"0":[1,1,1],"1":[1,2],"2":[3,3]},"inputSourceMap":{"version":3,"file":"/home/miguel/testes-tecnicos/teste-kukac/app/backend/tests/unit/service/palindrome.test.ts","sources":["/home/miguel/testes-tecnicos/teste-kukac/app/backend/tests/unit/service/palindrome.test.ts"],"names":[],"mappings":";;;;;AAAA,6BAA8B;AAE9B,8CAAwB;AACxB,wDAAiC;AACjC,kGAA0E;AAE1E,cAAI,CAAC,GAAG,CAAC,mBAAQ,CAAC,CAAC;AACnB,QAAQ,CAAC,oBAAoB,EAAE;IAC7B,IAAI,iBAAoC,CAAC;IAEzC,UAAU,CAAC;QACT,iBAAiB,GAAG,IAAI,6BAAiB,EAAE,CAAC;IAC9C,CAAC,CAAC,CAAC;IACH,QAAQ,CAAC,cAAc,EAAE;QACvB,EAAE,CAAC,4CAA4C,EAAE;YAC/C,IAAM,gBAAgB,GAAG,GAAG,CAAC;YAE7B,IAAM,MAAM,GAAG,iBAAiB,CAAC,YAAY,CAAC,gBAAgB,CAAC,CAAC;YAEhE,IAAA,aAAM,EAAC,MAAM,CAAC,CAAC,EAAE,CAAC,EAAE,CAAC,IAAI,CAAC;QAC5B,CAAC,CAAC,CAAC;QAEH,EAAE,CAAC,iDAAiD,EAAE;YACpD,IAAM,mBAAmB,GAAG,GAAG,CAAC;YAEhC,IAAM,MAAM,GAAG,iBAAiB,CAAC,YAAY,CAAC,mBAAmB,CAAC,CAAC;YAEnE,IAAA,aAAM,EAAC,MAAM,CAAC,CAAC,EAAE,CAAC,EAAE,CAAC,KAAK,CAAC;QAC7B,CAAC,CAAC,CAAC;IACL,CAAC,CAAC,CAAC;IAEH,QAAQ,CAAC,mBAAmB,EAAE;QAC5B,EAAE,CAAC,sEAAsE,EAAE;YACzE,IAAM,KAAK,GAAG,GAAG,CAAC;YAClB,IAAM,GAAG,GAAG,GAAG,CAAC;YAChB,IAAM,mBAAmB,GAAG,CAAC,KAAK,EAAE,KAAK,EAAE,KAAK,EAAE,KAAK,EAAE,KAAK,EAAE,KAAK,EAAE,KAAK,EAAE,KAAK,EAAE,KAAK,EAAE,KAAK,CAAC,CAAC;YAEnG,IAAM,MAAM,GAAG,iBAAiB,CAAC,iBAAiB,CAAC,KAAK,EAAE,GAAG,CAAC,CAAC;YAE/D,IAAA,aAAM,EAAC,MAAM,CAAC,CAAC,EAAE,CAAC,IAAI,CAAC,KAAK,CAAC,mBAAmB,CAAC,CAAC;QACpD,CAAC,CAAC,CAAC;QAEH,EAAE,CAAC,4CAA4C,EAAE;YAC/C,IAAM,KAAK,GAAG,CAAC,EAAE,CAAC;YAClB,IAAM,GAAG,GAAG,EAAE,CAAC;YAEf,IAAA,aAAM,EAAC,cAAM,OAAA,iBAAiB,CAAC,iBAAiB,CAAC,KAAK,EAAE,GAAG,CAAC,EAA/C,CAA+C,CAAC,CAAC,EAAE,CAAC,KAAK,CAAC,yGAAyG,CAAC,CAAC;QACpL,CAAC,CAAC,CAAC;QAEH,EAAE,CAAC,sEAAsE,EAAE;YACzE,IAAM,KAAK,GAAG,CAAC,CAAC;YAChB,IAAM,GAAG,GAAG,CAAC,CAAC;YAEd,IAAM,MAAM,GAAG,iBAAiB,CAAC,iBAAiB,CAAC,KAAK,EAAE,GAAG,CAAC,CAAC;YAE/D,IAAA,aAAM,EAAC,MAAM,CAAC,CAAC,EAAE,CAAC,IAAI,CAAC,KAAK,CAAC,EAAE,CAAC,CAAC;QACnC,CAAC,CAAC,CAAC;IACL,CAAC,CAAC,CAAC;AACL,CAAC,CAAC,CAAC","sourcesContent":["import { expect } from 'chai';\nimport * as sinon from 'sinon';\nimport chai from 'chai';\nimport chaiHttp from 'chai-http';\nimport PalindromeService from '../../../src/services/palindromes.service';\n\nchai.use(chaiHttp);\ndescribe('PalindromesService', () => {\n  let palindromeService: PalindromeService;\n\n  beforeEach(() => {\n    palindromeService = new PalindromeService();\n  });\n  describe('isPalindrome', () => {\n    it('should return true for a palindrome number', () => {\n      const palindromeNumber = 121;\n\n      const result = palindromeService.isPalindrome(palindromeNumber);\n\n      expect(result).to.be.true;\n    });\n\n    it('should return false for a non-palindrome number', () => {\n      const nonPalindromeNumber = 123;\n\n      const result = palindromeService.isPalindrome(nonPalindromeNumber);\n\n      expect(result).to.be.false;\n    });\n  });\n\n  describe('getAllPalindromos', () => {\n    it('should return an array of palindromic numbers in the specified range', () => {\n      const start = 100;\n      const end = 200;\n      const expectedPalindromos = ['101', '111', '121', '131', '141', '151', '161', '171', '181', '191'];\n\n      const result = palindromeService.getAllPalindromos(start, end);\n\n      expect(result).to.deep.equal(expectedPalindromos);\n    });\n\n    it('should throw an error for an invalid range', () => {\n      const start = -10;\n      const end = 20;\n\n      expect(() => palindromeService.getAllPalindromos(start, end)).to.throw('Invalid range. Make sure start and end are non-negative numbers and start is less than or equal to end.');\n    });\n\n    it('should return an empty array for a range with no palindromic numbers', () => {\n      const start = 1;\n      const end = 9;\n\n      const result = palindromeService.getAllPalindromos(start, end);\n\n      expect(result).to.deep.equal([]);\n    });\n  });\n});"]},"_coverageSchema":"1a1c01bbd47fc00a2c39e90264f33305004495a9","hash":"408b261be6c5a85cedfad341bb16ed793673c7aa","contentHash":"caea299013fea445c0da8f851040d0a072c77aa7533a05b8fa35371252572393"}}